[    0.000000] Initializing cgroup subsys cpuset
[    0.000000] Initializing cgroup subsys cpu
[    0.000000] Initializing cgroup subsys cpuacct
[    0.000000] Linux version 4.4.0-210-generic (buildd@lgw01-amd64-009) (gcc version 5.4.0 20160609 (Ubuntu 5.4.0-6ubuntu1~16.04.12) ) #242-Ubuntu SMP Fri Apr 16 09:57:56 UTC 2021 (Ubuntu 4.4.0-210.242-generic 4.4.262)
[    0.000000] Command line: BOOT_IMAGE=/boot/vmlinuz-4.4.0-210-generic root=LABEL=cloudimg-rootfs ro console=tty1 console=ttyS0
[    0.000000] KERNEL supported cpus:
[    0.000000]   Intel GenuineIntel
[    0.000000]   AMD AuthenticAMD
[    0.000000]   Centaur CentaurHauls
[    0.000000] x86/fpu: xstate_offset[2]:  576, xstate_sizes[2]:  256
[    0.000000] x86/fpu: Supporting XSAVE feature 0x01: 'x87 floating point registers'
[    0.000000] x86/fpu: Supporting XSAVE feature 0x02: 'SSE registers'
[    0.000000] x86/fpu: Supporting XSAVE feature 0x04: 'AVX registers'
[    0.000000] x86/fpu: Enabled xstate features 0x7, context size is 832 bytes, using 'standard' format.
[    0.000000] e820: BIOS-provided physical RAM map:
[    0.000000] BIOS-e820: [mem 0x0000000000000000-0x000000000009fbff] usable
[    0.000000] BIOS-e820: [mem 0x000000000009fc00-0x000000000009ffff] reserved
[    0.000000] BIOS-e820: [mem 0x00000000000f0000-0x00000000000fffff] reserved
[    0.000000] BIOS-e820: [mem 0x0000000000100000-0x000000003ffeffff] usable
[    0.000000] BIOS-e820: [mem 0x000000003fff0000-0x000000003fffffff] ACPI data
[    0.000000] BIOS-e820: [mem 0x00000000fec00000-0x00000000fec00fff] reserved
[    0.000000] BIOS-e820: [mem 0x00000000fee00000-0x00000000fee00fff] reserved
[    0.000000] BIOS-e820: [mem 0x00000000fffc0000-0x00000000ffffffff] reserved
[    0.000000] NX (Execute Disable) protection: active
[    0.000000] SMBIOS 2.5 present.
[    0.000000] Hypervisor detected: KVM
[    0.000000] e820: last_pfn = 0x3fff0 max_arch_pfn = 0x400000000
[    0.000000] MTRR: Disabled
[    0.000000] x86/PAT: MTRRs disabled, skipping PAT initialization too.
[    0.000000] CPU MTRRs all blank - virtualized system.
[    0.000000] x86/PAT: Configuration [0-7]: WB  WT  UC- UC  WB  WT  UC- UC  
[    0.000000] found SMP MP-table at [mem 0x0009fff0-0x0009ffff] mapped at [ffff88000009fff0]
[    0.000000] Scanning 1 areas for low memory corruption
[    0.000000] RAMDISK: [mem 0x362dc000-0x37165fff]
[    0.000000] ACPI: Early table checksum verification disabled
[    0.000000] ACPI: RSDP 0x00000000000E0000 000024 (v02 VBOX  )
[    0.000000] ACPI: XSDT 0x000000003FFF0030 00003C (v01 VBOX   VBOXXSDT 00000001 ASL  00000061)
[    0.000000] ACPI: FACP 0x000000003FFF00F0 0000F4 (v04 VBOX   VBOXFACP 00000001 ASL  00000061)
[    0.000000] ACPI: DSDT 0x000000003FFF0610 002353 (v02 VBOX   VBOXBIOS 00000002 INTL 20200528)
[    0.000000] ACPI: FACS 0x000000003FFF0200 000040
[    0.000000] ACPI: FACS 0x000000003FFF0200 000040
[    0.000000] ACPI: APIC 0x000000003FFF0240 000054 (v02 VBOX   VBOXAPIC 00000001 ASL  00000061)
[    0.000000] ACPI: SSDT 0x000000003FFF02A0 00036C (v01 VBOX   VBOXCPUT 00000002 INTL 20200528)
[    0.000000] No NUMA configuration found
[    0.000000] Faking a node at [mem 0x0000000000000000-0x000000003ffeffff]
[    0.000000] NODE_DATA(0) allocated [mem 0x3ffeb000-0x3ffeffff]
[    0.000000] kvm-clock: Using msrs 4b564d01 and 4b564d00
[    0.000000] kvm-clock: cpu 0, msr 0:3ffe3001, primary cpu clock
[    0.000000] kvm-clock: using sched offset of 3260105684 cycles
[    0.000000] clocksource: kvm-clock: mask: 0xffffffffffffffff max_cycles: 0x1cd42e4dffb, max_idle_ns: 881590591483 ns
[    0.000000] Zone ranges:
[    0.000000]   DMA      [mem 0x0000000000001000-0x0000000000ffffff]
[    0.000000]   DMA32    [mem 0x0000000001000000-0x000000003ffeffff]
[    0.000000]   Normal   empty
[    0.000000]   Device   empty
[    0.000000] Movable zone start for each node
[    0.000000] Early memory node ranges
[    0.000000]   node   0: [mem 0x0000000000001000-0x000000000009efff]
[    0.000000]   node   0: [mem 0x0000000000100000-0x000000003ffeffff]
[    0.000000] Initmem setup node 0 [mem 0x0000000000001000-0x000000003ffeffff]
[    0.000000] ACPI: PM-Timer IO Port: 0x4008
[    0.000000] IOAPIC[0]: apic_id 1, version 32, address 0xfec00000, GSI 0-23
[    0.000000] ACPI: INT_SRC_OVR (bus 0 bus_irq 0 global_irq 2 dfl dfl)
[    0.000000] ACPI: INT_SRC_OVR (bus 0 bus_irq 9 global_irq 9 low level)
[    0.000000] Using ACPI (MADT) for SMP configuration information
[    0.000000] smpboot: Allowing 1 CPUs, 0 hotplug CPUs
[    0.000000] PM: Registered nosave memory: [mem 0x00000000-0x00000fff]
[    0.000000] PM: Registered nosave memory: [mem 0x0009f000-0x0009ffff]
[    0.000000] PM: Registered nosave memory: [mem 0x000a0000-0x000effff]
[    0.000000] PM: Registered nosave memory: [mem 0x000f0000-0x000fffff]
[    0.000000] e820: [mem 0x40000000-0xfebfffff] available for PCI devices
[    0.000000] Booting paravirtualized kernel on KVM
[    0.000000] clocksource: refined-jiffies: mask: 0xffffffff max_cycles: 0xffffffff, max_idle_ns: 7645519600211568 ns
[    0.000000] setup_percpu: NR_CPUS:512 nr_cpumask_bits:512 nr_cpu_ids:1 nr_node_ids:1
[    0.000000] PERCPU: Embedded 33 pages/cpu @ffff88003fc00000 s95192 r8192 d31784 u2097152
[    0.000000] Built 1 zonelists in Node order, mobility grouping on.  Total pages: 257912
[    0.000000] Policy zone: DMA32
[    0.000000] Kernel command line: BOOT_IMAGE=/boot/vmlinuz-4.4.0-210-generic root=LABEL=cloudimg-rootfs ro console=tty1 console=ttyS0
[    0.000000] PID hash table entries: 4096 (order: 3, 32768 bytes)
[    0.000000] Memory: 997924K/1048120K available (8644K kernel code, 1332K rwdata, 4044K rodata, 1492K init, 1164K bss, 50196K reserved, 0K cma-reserved)
[    0.000000] SLUB: HWalign=64, Order=0-3, MinObjects=0, CPUs=1, Nodes=1
[    0.000000] Kernel/User page tables isolation: enabled
[    0.000000] Hierarchical RCU implementation.
[    0.000000] 	Build-time adjustment of leaf fanout to 64.
[    0.000000] 	RCU restricting CPUs from NR_CPUS=512 to nr_cpu_ids=1.
[    0.000000] RCU: Adjusting geometry for rcu_fanout_leaf=64, nr_cpu_ids=1
[    0.000000] NR_IRQS:33024 nr_irqs:256 16
[    0.000000] Console: colour VGA+ 80x25
[    0.000000] console [tty1] enabled
[    0.000000] console [ttyS0] enabled
[    0.000000] tsc: Detected 1392.900 MHz processor
[    0.449155] Calibrating delay loop (skipped) preset value.. 2785.80 BogoMIPS (lpj=5571600)
[    0.454418] pid_max: default: 32768 minimum: 301
[    0.458196] ACPI: Core revision 20150930
[    0.461849] ACPI: 2 ACPI AML tables successfully acquired and loaded
[    0.466453] Security Framework initialized
[    0.469183] Yama: becoming mindful.
[    0.471677] AppArmor: AppArmor initialized
[    0.474516] Dentry cache hash table entries: 131072 (order: 8, 1048576 bytes)
[    0.480684] Inode-cache hash table entries: 65536 (order: 7, 524288 bytes)
[    0.486748] Mount-cache hash table entries: 2048 (order: 2, 16384 bytes)
[    0.491344] Mountpoint-cache hash table entries: 2048 (order: 2, 16384 bytes)
[    0.495888] Initializing cgroup subsys io
[    0.499135] Initializing cgroup subsys memory
[    0.502400] Initializing cgroup subsys devices
[    0.505203] Initializing cgroup subsys freezer
[    0.508348] Initializing cgroup subsys net_cls
[    0.511940] Initializing cgroup subsys perf_event
[    0.515247] Initializing cgroup subsys net_prio
[    0.518628] Initializing cgroup subsys hugetlb
[    0.522316] Initializing cgroup subsys pids
[    0.541128] mce: CPU supports 0 MCE banks
[    0.546763] process: using mwait in idle threads
[    0.550253] Last level iTLB entries: 4KB 64, 2MB 8, 4MB 8
[    0.555789] Last level dTLB entries: 4KB 64, 2MB 0, 4MB 0, 1GB 4
[    0.560152] Spectre V1 : Mitigation: usercopy/swapgs barriers and __user pointer sanitization
[    0.568769] Spectre V2 : Mitigation: Full generic retpoline
[    0.572587] Spectre V2 : Spectre v2 / SpectreRSB mitigation: Filling RSB on context switch
[    0.580605] Speculative Store Bypass: Vulnerable
[    0.585895] SRBDS: Unknown: Dependent on hypervisor status
[    0.591932] MDS: Mitigation: Clear CPU buffers
[    0.753190] Freeing SMP alternatives memory: 36K
[    0.825229] ftrace: allocating 32380 entries in 127 pages
[    1.311324] smpboot: APIC(0) Converting physical 0 to logical package 0
[    1.316400] smpboot: Max logical packages: 1
[    1.321970] x2apic enabled
[    1.325587] Switched APIC routing to physical x2apic.
[    1.338398] ..TIMER: vector=0x30 apic1=0 pin1=2 apic2=-1 pin2=-1
[    1.451230] APIC calibration not consistent with PM-Timer: 212ms instead of 100ms
[    1.458474] APIC delta adjusted to PM-Timer: 6205121 (13155162)
[    1.462178] smpboot: CPU0: Intel(R) Core(TM) i5-8257U CPU @ 1.40GHz (family: 0x6, model: 0x8e, stepping: 0xa)
[    1.468780] Performance Events: unsupported p6 CPU model 142 no PMU driver, software events only.
[    1.545859] KVM setup paravirtual spinlock
[    1.549824] x86: Booted up 1 node, 1 CPUs
[    1.553034] smpboot: Total of 1 processors activated (2785.80 BogoMIPS)
[    1.558388] devtmpfs: initialized
[    1.562236] evm: security.selinux
[    1.564345] evm: security.SMACK64
[    1.566884] evm: security.SMACK64EXEC
[    1.569079] evm: security.SMACK64TRANSMUTE
[    1.571581] evm: security.SMACK64MMAP
[    1.573845] evm: security.ima
[    1.576168] evm: security.capability
[    1.578477] clocksource: jiffies: mask: 0xffffffff max_cycles: 0xffffffff, max_idle_ns: 7645041785100000 ns
[    1.584899] futex hash table entries: 256 (order: 2, 16384 bytes)
[    1.588542] pinctrl core: initialized pinctrl subsystem
[    1.592526] RTC time: 19:03:39, date: 04/23/23
[    1.595547] NET: Registered protocol family 16
[    1.598883] cpuidle: using governor ladder
[    1.601392] cpuidle: using governor menu
[    1.603745] PCCT header not found.
[    1.606037] ACPI: bus type PCI registered
[    1.608846] acpiphp: ACPI Hot Plug PCI Controller Driver version: 0.5
[    1.613014] PCI: Using configuration type 1 for base access
[    1.618094] ACPI: Added _OSI(Module Device)
[    1.620658] ACPI: Added _OSI(Processor Device)
[    1.623880] ACPI: Added _OSI(3.0 _SCP Extensions)
[    1.626667] ACPI: Added _OSI(Processor Aggregator Device)
[    1.631178] ACPI: Executed 1 blocks of module-level executable AML code
[    1.637855] ACPI: Interpreter enabled
[    1.640326] ACPI: (supports S0 S5)
[    1.642681] ACPI: Using IOAPIC for interrupt routing
[    1.645915] PCI: Using host bridge windows from ACPI; if necessary, use "pci=nocrs" and report a bug
[    1.658539] ACPI: PCI Root Bridge [PCI0] (domain 0000 [bus 00-ff])
[    1.662673] acpi PNP0A03:00: _OSC: OS supports [ASPM ClockPM Segments MSI]
[    1.667616] acpi PNP0A03:00: _OSC: not requesting OS control; OS requires [ExtendedConfig ASPM ClockPM MSI]
[    1.673761] acpi PNP0A03:00: fail to add MMCONFIG information, can't access extended PCI configuration space under this bridge.
[    1.681555] PCI host bridge to bus 0000:00
[    1.684091] pci_bus 0000:00: root bus resource [io  0x0000-0x0cf7 window]
[    1.688810] pci_bus 0000:00: root bus resource [io  0x0d00-0xffff window]
[    1.692751] pci_bus 0000:00: root bus resource [mem 0x000a0000-0x000bffff window]
[    1.697287] pci_bus 0000:00: root bus resource [mem 0x40000000-0xfdffffff window]
[    1.702656] pci_bus 0000:00: root bus resource [bus 00-ff]
[    1.712081] pci 0000:00:01.1: legacy IDE quirk: reg 0x10: [io  0x01f0-0x01f7]
[    1.727505] pci 0000:00:01.1: legacy IDE quirk: reg 0x14: [io  0x03f6]
[    1.731471] pci 0000:00:01.1: legacy IDE quirk: reg 0x18: [io  0x0170-0x0177]
[    1.735702] pci 0000:00:01.1: legacy IDE quirk: reg 0x1c: [io  0x0376]
[    1.781694] pci 0000:00:07.0: quirk: [io  0x4000-0x403f] claimed by PIIX4 ACPI
[    1.785968] pci 0000:00:07.0: quirk: [io  0x4100-0x410f] claimed by PIIX4 SMB
[    1.804168] ACPI: PCI Interrupt Link [LNKA] (IRQs 5 9 10 *11)
[    1.809792] ACPI: PCI Interrupt Link [LNKB] (IRQs 5 9 *10 11)
[    1.814782] ACPI: PCI Interrupt Link [LNKC] (IRQs 5 *9 10 11)
[    1.819732] ACPI: PCI Interrupt Link [LNKD] (IRQs 5 9 10 *11)
[    1.825180] ACPI: Enabled 2 GPEs in block 00 to 07
[    1.828777] vgaarb: setting as boot device: PCI:0000:00:02.0
[    1.832314] vgaarb: device added: PCI:0000:00:02.0,decodes=io+mem,owns=io+mem,locks=none
[    1.837194] vgaarb: loaded
[    1.839135] vgaarb: bridge control possible 0000:00:02.0
[    1.842849] SCSI subsystem initialized
[    1.845464] ACPI: bus type USB registered
[    1.848157] usbcore: registered new interface driver usbfs
[    1.851421] usbcore: registered new interface driver hub
[    1.854900] usbcore: registered new device driver usb
[    1.858097] PCI: Using ACPI for IRQ routing
[    1.861775] NetLabel: Initializing
[    1.864230] NetLabel:  domain hash size = 128
[    1.866907] NetLabel:  protocols = UNLABELED CIPSOv4
[    1.869847] NetLabel:  unlabeled traffic allowed by default
[    1.873513] amd_nb: Cannot enumerate AMD northbridges
[    1.876605] clocksource: Switched to clocksource kvm-clock
[    1.892203] AppArmor: AppArmor Filesystem Enabled
[    1.895059] pnp: PnP ACPI init
[    1.898712] pnp: PnP ACPI: found 3 devices
[    1.908430] clocksource: acpi_pm: mask: 0xffffff max_cycles: 0xffffff, max_idle_ns: 2085701024 ns
[    1.913717] NET: Registered protocol family 2
[    1.916663] TCP established hash table entries: 8192 (order: 4, 65536 bytes)
[    1.921130] TCP bind hash table entries: 8192 (order: 5, 131072 bytes)
[    1.925135] TCP: Hash tables configured (established 8192 bind 8192)
[    1.929028] UDP hash table entries: 512 (order: 2, 16384 bytes)
[    1.932858] UDP-Lite hash table entries: 512 (order: 2, 16384 bytes)
[    1.936788] NET: Registered protocol family 1
[    1.939402] pci 0000:00:00.0: Limiting direct PCI/PCI transfers
[    1.943536] pci 0000:00:01.0: Activating ISA DMA hang workarounds
[    1.947431] Unpacking initramfs...
[    2.183406] Freeing initrd memory: 14888K
[    2.186050] clocksource: tsc: mask: 0xffffffffffffffff max_cycles: 0x1413ed33c50, max_idle_ns: 440795209535 ns
[    2.192063] platform rtc_cmos: registered platform RTC device (no PNP device found)
[    2.196800] Scanning for low memory corruption every 60 seconds
[    2.200598] audit: initializing netlink subsys (disabled)
[    2.203810] audit: type=2000 audit(1682276623.548:1): initialized
[    2.207848] Initialise system trusted keyring
[    2.210582] HugeTLB registered 2 MB page size, pre-allocated 0 pages
[    2.215626] zbud: loaded
[    2.217580] VFS: Disk quotas dquot_6.6.0
[    2.220204] VFS: Dquot-cache hash table entries: 512 (order 0, 4096 bytes)
[    2.224712] squashfs: version 4.0 (2009/01/31) Phillip Lougher
[    2.228490] fuse init (API version 7.23)
[    2.231469] Key type big_key registered
[    2.233832] Allocating IMA MOK and blacklist keyrings.
[    2.237831] Key type asymmetric registered
[    2.240400] Asymmetric key parser 'x509' registered
[    2.243317] Block layer SCSI generic (bsg) driver version 0.4 loaded (major 249)
[    2.248261] io scheduler noop registered
[    2.250782] io scheduler deadline registered (default)
[    2.254180] io scheduler cfq registered
[    2.256566] pci_hotplug: PCI Hot Plug PCI Core version: 0.5
[    2.259764] pciehp: PCI Express Hot Plug Controller Driver version: 0.4
[    2.264059] ACPI: AC Adapter [AC] (on-line)
[    2.266725] input: Power Button as /devices/LNXSYSTM:00/LNXPWRBN:00/input/input0
[    2.271130] ACPI: Power Button [PWRF]
[    2.273479] input: Sleep Button as /devices/LNXSYSTM:00/LNXSLPBN:00/input/input1
[    2.277819] ACPI: Sleep Button [SLPF]
[    2.282486] ACPI: Battery Slot [BAT0] (battery present)
[    2.285580] GHES: HEST is not enabled!
[    2.288131] Serial: 8250/16550 driver, 32 ports, IRQ sharing enabled
[    2.321157] 00:02: ttyS0 at I/O 0x3f8 (irq = 4, base_baud = 115200) is a 16550A
[    2.326953] Linux agpgart interface v0.103
[    2.331754] loop: module loaded
[    2.335070] scsi host0: ata_piix
[    2.337139] scsi host1: ata_piix
[    2.339172] ata1: PATA max UDMA/33 cmd 0x1f0 ctl 0x3f6 bmdma 0xd000 irq 14
[    2.343189] ata2: PATA max UDMA/33 cmd 0x170 ctl 0x376 bmdma 0xd008 irq 15
[    2.349533] libphy: Fixed MDIO Bus: probed
[    2.352563] tun: Universal TUN/TAP device driver, 1.6
[    2.355520] tun: (C) 1999-2004 Max Krasnyansky <maxk@qualcomm.com>
[    2.359245] PPP generic driver version 2.4.2
[    2.361955] ehci_hcd: USB 2.0 'Enhanced' Host Controller (EHCI) Driver
[    2.366149] ehci-pci: EHCI PCI platform driver
[    2.368799] ehci-platform: EHCI generic platform driver
[    2.372004] ohci_hcd: USB 1.1 'Open' Host Controller (OHCI) Driver
[    2.375780] ohci-pci: OHCI PCI platform driver
[    2.378686] ohci-platform: OHCI generic platform driver
[    2.381859] uhci_hcd: USB Universal Host Controller Interface driver
[    2.385549] i8042: PNP: PS/2 Controller [PNP0303:PS2K,PNP0f03:PS2M] at 0x60,0x64 irq 1,12
[    2.392798] serio: i8042 KBD port at 0x60,0x64 irq 1
[    2.395866] serio: i8042 AUX port at 0x60,0x64 irq 12
[    2.399940] mousedev: PS/2 mouse device common for all mice
[    2.404753] input: AT Translated Set 2 keyboard as /devices/platform/i8042/serio0/input/input2
[    2.411954] rtc_cmos rtc_cmos: rtc core: registered rtc_cmos as rtc0
[    2.416592] rtc_cmos rtc_cmos: alarms up to one day, 114 bytes nvram
[    2.421357] i2c /dev entries driver
[    2.424220] device-mapper: uevent: version 1.0.3
[    2.427363] device-mapper: ioctl: 4.34.0-ioctl (2015-10-28) initialised: dm-devel@redhat.com
[    2.432937] ledtrig-cpu: registered to indicate activity on CPUs
[    2.437284] NET: Registered protocol family 10
[    2.440288] NET: Registered protocol family 17
[    2.442996] Key type dns_resolver registered
[    2.446083] registered taskstats version 1
[    2.448919] Loading compiled-in X.509 certificates
[    2.453130] Loaded X.509 cert 'Build time autogenerated kernel key: cf00e047681d67edb2720680708b7d9498083038'
[    2.459373] zswap: loaded using pool lzo/zbud
[    2.464345] Key type trusted registered
[    2.471221] Key type encrypted registered
[    2.474061] AppArmor: AppArmor sha1 policy hashing enabled
[    2.477861] ima: No TPM chip found, activating TPM-bypass!
[    2.481622] ima: Allocated hash algorithm: sha1
[    2.484817] evm: HMAC attrs: 0x1
[    2.487732]   Magic number: 3:246:92
[    2.490284]  container: hash matches
[    2.493660] rtc_cmos rtc_cmos: setting system clock to 2023-04-23 19:03:40 UTC (1682276620)
[    2.499159] BIOS EDD facility v0.16 2004-Jun-25, 0 devices found
[    2.503211] EDD information not available.
[    2.557190] Freeing unused kernel memory: 1492K
[    2.564683] Write protecting the kernel read-only data: 14336k
[    2.568234] Freeing unused kernel memory: 1584K
[    2.571045] Freeing unused kernel memory: 52K
Loading, please wait...
starting version 229
[    2.589541] random: udevadm: uninitialized urandom read (16 bytes read, 3 bits of entropy available)
[    2.595515] random: systemd-udevd: uninitialized urandom read (16 bytes read, 3 bits of entropy available)
[    2.601720] random: systemd-udevd: uninitialized urandom read (16 bytes read, 3 bits of entropy available)
[    2.607545] random: systemd-udevd: uninitialized urandom read (16 bytes read, 3 bits of entropy available)
[    2.613832] random: udevadm: uninitialized urandom read (16 bytes read, 3 bits of entropy available)
[    2.627855] random: systemd-udevd: uninitialized urandom read (16 bytes read, 3 bits of entropy available)
[    2.635027] random: udevadm: uninitialized urandom read (16 bytes read, 3 bits of entropy available)
[    2.641435] random: systemd-udevd: uninitialized urandom read (16 bytes read, 3 bits of entropy available)
[    2.647701] random: systemd-udevd: uninitialized urandom read (16 bytes read, 3 bits of entropy available)
[    2.653615] random: udevadm: uninitialized urandom read (16 bytes read, 3 bits of entropy available)
[    2.746273] Fusion MPT base driver 3.04.20
[    2.749163] Copyright (c) 1999-2008 LSI Corporation
[    2.753530] e1000: Intel(R) PRO/1000 Network Driver - version 7.3.21-k8-NAPI
[    2.757660] e1000: Copyright (c) 1999-2006 Intel Corporation.
[    2.806350] AVX2 version of gcm_enc/dec engaged.
[    2.809326] AES CTR mode by8 optimization enabled
[    2.817228] Fusion MPT SPI Host driver 3.04.20
[    3.001330] input: ImExPS/2 Generic Explorer Mouse as /devices/platform/i8042/serio1/input/input4
[    3.303701] e1000 0000:00:03.0 eth0: (PCI:33MHz:32-bit) 02:be:82:6b:cc:1d
[    3.307934] e1000 0000:00:03.0 eth0: Intel(R) PRO/1000 Network Connection
[    3.313650] mptbase: ioc0: Initiating bringup
[    3.381820] ioc0: LSI53C1030 A0: Capabilities={Initiator}
[    3.547249] scsi host2: ioc0: LSI53C1030 A0, FwRev=00000000h, Ports=1, MaxQ=256, IRQ=20
[    3.668076] scsi 2:0:0:0: Direct-Access     VBOX     HARDDISK         1.0  PQ: 0 ANSI: 5
[    3.673972] scsi target2:0:0: Beginning Domain Validation
[    3.680539] scsi target2:0:0: Domain Validation skipping write tests
[    3.684660] scsi target2:0:0: Ending Domain Validation
[    3.687950] scsi target2:0:0: asynchronous
[    3.691836] scsi 2:0:1:0: Direct-Access     VBOX     HARDDISK         1.0  PQ: 0 ANSI: 5
[    3.696504] scsi target2:0:1: Beginning Domain Validation
[    3.741173] scsi target2:0:1: Domain Validation skipping write tests
[    3.744871] scsi target2:0:1: Ending Domain Validation
[    3.759410] scsi target2:0:1: asynchronous
[    3.962611] sd 2:0:0:0: Attached scsi generic sg0 type 0
[    3.965836] sd 2:0:0:0: [sda] 83886080 512-byte logical blocks: (42.9 GB/40.0 GiB)
[    3.970988] sd 2:0:1:0: [sdb] 20480 512-byte logical blocks: (10.5 MB/10.0 MiB)
[    3.975868] sd 2:0:1:0: Attached scsi generic sg1 type 0
[    3.979597] sd 2:0:1:0: [sdb] Write Protect is off
[    3.982667] sd 2:0:0:0: [sda] Write Protect is off
[    3.986368] sd 2:0:1:0: [sdb] Incomplete mode parameter data
[    3.990045] sd 2:0:1:0: [sdb] Assuming drive cache: write through
[    3.994175] sd 2:0:0:0: [sda] Incomplete mode parameter data
[    3.997481] sd 2:0:0:0: [sda] Assuming drive cache: write through
[    4.023587]  sda: sda1
[    4.030434] sd 2:0:0:0: [sda] Attached SCSI disk
[    4.034854] sd 2:0:1:0: [sdb] Attached SCSI disk
[    4.246023] e1000 0000:00:08.0 eth1: (PCI:33MHz:32-bit) 08:00:27:a8:06:28
[    4.250945] e1000 0000:00:08.0 eth1: Intel(R) PRO/1000 Network Connection
[    4.256775] e1000 0000:00:08.0 enp0s8: renamed from eth1
[    4.262113] e1000 0000:00:03.0 enp0s3: renamed from eth0
Begin: Loading essential drivers ... [    5.806328] md: linear personality registered for level -1
[    5.813169] md: multipath personality registered for level -4
[    5.819942] md: raid0 personality registered for level 0
[    5.830778] md: raid1 personality registered for level 1
[    5.917998] raid6: sse2x1   gen() 13569 MB/s
[    5.997990] raid6: sse2x1   xor() 10153 MB/s
[    6.078226] raid6: sse2x2   gen() 17121 MB/s
[    6.157818] raid6: sse2x2   xor() 11471 MB/s
[    6.238301] raid6: sse2x4   gen() 19065 MB/s
[    6.317753] raid6: sse2x4   xor() 12933 MB/s
[    6.397534] raid6: avx2x1   gen() 24100 MB/s
[    6.477873] raid6: avx2x2   gen() 30304 MB/s
[    6.557258] raid6: avx2x4   gen() 33199 MB/s
[    6.560001] raid6: using algorithm avx2x4 gen() 33199 MB/s
[    6.563554] raid6: using avx2x2 recovery algorithm
[    6.568382] xor: automatically using best checksumming function:
[    6.667587]    avx       : 61293.000 MB/sec
[    6.671851] async_tx: api initialized (async)
[    6.699155] md: raid6 personality registered for level 6
[    6.702711] md: raid5 personality registered for level 5
[    6.705883] md: raid4 personality registered for level 4
[    6.720922] md: raid10 personality registered for level 10
done.
Begin: Running /scripts/init-premount ... done.
Begin: Mounting root file system ... Begin: Running /scripts/local-top ... done.
Begin: Running /scripts/local-premount ... [    6.797218] Btrfs loaded
Scanning for Btrfs filesystems
done.
Warning: fsck not present, so skipping root file system
[    6.835635] EXT4-fs (sda1): mounted filesystem with ordered data mode. Opts: (null)
done.
Begin: Running /scripts/local-bottom ... done.
Begin: Running /scripts/init-bottom ... done.
[    6.958669] systemd[1]: systemd 229 running in system mode. (+PAM +AUDIT +SELINUX +IMA +APPARMOR +SMACK +SYSVINIT +UTMP +LIBCRYPTSETUP +GCRYPT +GNUTLS +ACL +XZ -LZ4 +SECCOMP +BLKID +ELFUTILS +KMOD -IDN)
[    6.970091] systemd[1]: Detected virtualization oracle.
[    6.973592] systemd[1]: Detected architecture x86-64.

Welcome to [1mUbuntu 16.04.7 LTS[0m!

[    6.983810] systemd[1]: Set hostname to <ubuntu>.
[    6.990329] systemd[1]: Initializing machine ID from random generator.
[    6.994093] systemd[1]: Installed transient /etc/machine-id file.
[    7.145264] systemd[1]: Reached target Swap.
[[0;32m  OK  [0m] Reached target Swap.
[    7.151176] systemd[1]: Listening on Journal Socket (/dev/log).
[[0;32m  OK  [0m] Listening on Journal Socket (/dev/log).
[    7.158607] systemd[1]: Listening on /dev/initctl Compatibility Named Pipe.
[[0;32m  OK  [0m] Listening on /dev/initctl Compatibility Named Pipe.
[    7.166575] systemd[1]: Listening on Device-mapper event daemon FIFOs.
[[0;32m  OK  [0m] Listening on Device-mapper event daemon FIFOs.
[    7.174398] systemd[1]: Set up automount Arbitrary Executable File Formats File System Automount Point.
[[0;32m  OK  [0m] Set up automount Arbitrary Executab...ats File System Automount Point.
[    7.184875] systemd[1]: Listening on LVM2 poll daemon socket.
[[0;32m  OK  [0m] Listening on LVM2 poll daemon socket.
[    7.192693] systemd[1]: Listening on Journal Audit Socket.
[[0;32m  OK  [0m] Listening on Journal Audit Socket.
[    7.199719] systemd[1]: Listening on udev Control Socket.
[[0;32m  OK  [0m] Listening on udev Control Socket.
[    7.207007] systemd[1]: Started Trigger resolvconf update for networkd DNS.
[[0;32m  OK  [0m] Started Trigger resolvconf update for networkd DNS.
[    7.215507] systemd[1]: Listening on fsck to fsckd communication Socket.
[[0;32m  OK  [0m] Listening on fsck to fsckd communication Socket.
[    7.223221] systemd[1]: Reached target System Time Synchronized.
[[0;32m  OK  [0m] Reached target System Time Synchronized.
[    7.230660] systemd[1]: Created slice User and Session Slice.
[[0;32m  OK  [0m] Created slice User and Session Slice.
[    7.237922] systemd[1]: Listening on LVM2 metadata daemon socket.
[[0;32m  OK  [0m] Listening on LVM2 metadata daemon socket.
[    7.245335] systemd[1]: Listening on Journal Socket.
[[0;32m  OK  [0m] Listening on Journal Socket.
[    7.252244] systemd[1]: Listening on Syslog Socket.
[[    7.256227] random: nonblocking pool is initialized
[0;32m  OK  [0m] Listening on Syslog Socket.
[    7.262432] systemd[1]: Created slice System Slice.
[[0;32m  OK  [0m] Created slice System Slice.
[    7.270591] systemd[1]: Starting Set console keymap...
         Starting Set console keymap...
[    7.278418] systemd[1]: Created slice system-serial\x2dgetty.slice.
[[0;32m  OK  [0m] Created slice system-serial\x2dgetty.slice.
[    7.297479] systemd[1]: Mounting POSIX Message Queue File System...
         Mounting POSIX Message Queue File System...
[    7.317730] systemd[1]: Mounting Debug File System...
         Mounting Debug File System...
[    7.338823] systemd[1]: Starting Load Kernel Modules...
         Starting Load Kernel Modules...
[    7.357772] systemd[1]: Starting Monitoring of LVM2 mirrors, snapshots etc. using dmeventd or progress polling...
         Starting Monitoring of LVM2 mirrors... dmeventd or progress polling...
[    7.374916] systemd[1]: Starting File System Check on Root Device...
         Starting File System Check on Root Device...
[    7.390891] systemd[1]: Starting Uncomplicated firewall...
         Starting Uncomplicated firewall...[    7.402117] Loading iSCSI transport class v2.0-870.

[    7.406981] systemd[1]: Mounting Huge Pages File System...
         Mounting Huge Pages File System...
[    7.421081] systemd[1]: Reached target Slices.
[[0;32m  OK  [0m] Reached target Slices.
[    7.435020] systemd[1]: Reached target Encrypted Volumes.
[[0;32m  OK  [0m] Reached target Encrypted Volumes.
[    7.451280] iscsi: registered transport (tcp)
[    7.454310] systemd[1]: Started Forward Password Requests to Wall Directory Watch.
[[0;32m  OK  [0m] Started Forward Password Requests to Wall Directory Watch.
[    7.471484] systemd[1]: Starting Journal Service...
         Starting Journal Service...
[    7.481904] systemd[1]: Listening on udev Kernel Socket.
[[0;32m  OK  [0m] Listening on udev Kernel Socket.
[    7.497317] systemd[1]: Starting Nameserver information manager...
         Starting Nameserver information manager...
[    7.512914] systemd[1]: Reached target User and Group Name Lookups.
[[0;32m  OK  [0m] Reached target User and Group Name Lookups.
[    7.530310] systemd[1]: Starting Create list of required static device nodes for the current kernel...
         Starting Create list of required st... nodes for the current kernel...[    7.546312] iscsi: registered transport (iser)

[    7.551811] systemd[1]: Mounted Huge Pages File System.
[[0;32m  OK  [0m] Mounted Huge Pages File System.
[    7.562779] systemd[1]: Mounted POSIX Message Queue File System.
[[0;32m  OK  [0m] Mounted POSIX Message Queue File System.
[    7.570398] systemd[1]: Mounted Debug File System.
[[0;32m  OK  [0m] Mounted Debug File System.
[    7.577128] systemd[1]: Started Journal Service.
[[0;32m  OK  [0m] Started Journal Service.
[[0;32m  OK  [0m] Started Set console keymap.
[[0;32m  OK  [0m] Started Load Kernel Modules.
[[0;32m  OK  [0m] Started File System Check on Root Device.
[[0;32m  OK  [0m] Started Uncomplicated firewall.
[[0;32m  OK  [0m] Started Create list of required sta...ce nodes for the current kernel.
[[0;32m  OK  [0m] Started Nameserver information manager.
[[0;32m  OK  [0m] Started LVM2 metadata daemon.
[[0;32m  OK  [0m] Started File System Check Daemon to report status.
         Starting Create Static Device Nodes in /dev...
         Starting Remount Root and Kernel File Systems...
         Mounting FUSE Control File System...
[    7.677807] EXT4-fs (sda1): re-mounted. Opts: (null)
         Starting Apply Kernel Variables...
[[0;32m  OK  [0m] Mounted FUSE Control File System.
[[0;32m  OK  [0m] Started Create Static Device Nodes in /dev.
[[0;32m  OK  [0m] Started Remount Root and Kernel File Systems.
[[0;32m  OK  [0m] Started Apply Kernel Variables.
         Starting Flush Journal to Persistent Storage...
         Starting Load/Save Random Seed...
         Starting udev Coldplug all Devices...
         Starting udev Kernel Device Manager...
[[0;32m  OK  [0m] Started Load/Save Random Seed.
[[0;32m  OK  [0m] Started Flush Journal to Persistent Storage.
[[0;32m  OK  [0m] Started udev Kernel Device Manager.
[[0;32m  OK  [0m] Started udev Coldplug all Devices.
[[0;32m  OK  [0m] Started Dispatch Password Requests to Console Directory Watch.
[[0;32m  OK  [0m] Started Monitoring of LVM2 mirrors,...ng dmeventd or progress polling.
[[0;32m  OK  [0m] Reached target Local File Systems (Pre).
[[0;32m  OK  [0m] Reached target Local File Systems.
         Starting Set console font and keymap...
         Starting Create Volatile Files and Directories...
         Starting LSB: AppArmor initialization...
         Starting Initial cloud-init job (pre-networking)...
         Starting Commit a transient machine-id on disk...
         Starting Tell Plymouth To Write Out Runtime Data...
[[0;32m  OK  [0m] Started Commit a transient machine-id on disk.
[[0;32m  OK  [0m] Started Create Volatile Files and Directories.
         Starting Update UTMP about System Boot/Shutdown...
[[0;32m  OK  [0m] Started Tell Plymouth To Write Out Runtime Data.
[[0;32m  OK  [0m] Started Update UTMP about System Boot/Shutdown.
[[0;32m  OK  [0m] Found device /dev/ttyS0.
[[0;32m  OK  [0m] Listening on Load/Save RF Kill Switch Status /dev/rfkill Watch.
[    8.764842] cloud-init[509]: Cloud-init v. 21.1-19-gbad84ad4-0ubuntu1~16.04.2 running 'init-local' at Sun, 23 Apr 2023 19:03:47 +0000. Up 8.13 seconds.
[[0;32m  OK  [0m] Started Initial cloud-init job (pre-networking).
[[0;32m  OK  [0m] Reached target Network (Pre).
[[0;32m  OK  [0m] Started LSB: AppArmor initialization.
[[0;32m  OK  [0m] Started Set console font and keymap.
[[0;32m  OK  [0m] Created slice system-getty.slice.
         Starting Load AppArmor profiles managed internally by snapd...
         Starting Raise network interfaces...
[[0;32m  OK  [0m] Started Load AppArmor profiles managed internally by snapd.
[[0;32m  OK  [0m] Started Raise network interfaces.
[[0;32m  OK  [0m] Reached target Network.
         Starting Initial cloud-init job (metadata service crawler)...
[   11.368040] cloud-init[974]: Cloud-init v. 21.1-19-gbad84ad4-0ubuntu1~16.04.2 running 'init' at Sun, 23 Apr 2023 19:03:50 +0000. Up 10.85 seconds.
[   11.378659] cloud-init[974]: ci-info: ++++++++++++++++++++++++++++++++++++++Net device info+++++++++++++++++++++++++++++++++++++++
[   11.389515] cloud-init[974]: ci-info: +--------+-------+----------------------------+---------------+--------+-------------------+
[   11.409094] cloud-init[974]: ci-info: | Device |   Up  |          Address           |      Mask     | Scope  |     Hw-Address    |
[   11.418747] cloud-init[974]: ci-info: +--------+-------+----------------------------+---------------+--------+-------------------+
[   11.429460] cloud-init[974]: ci-info: | enp0s3 |  True |         10.0.2.15          | 255.255.255.0 | global | 02:be:82:6b:cc:1d |
[   11.444037] cloud-init[974]: ci-info: | enp0s3 |  True | fe80::be:82ff:fe6b:cc1d/64 |       .       |  link  | 02:be:82:6b:cc:1d |[[0;32m  OK  [0m] Started Initial cloud-init job (metadata service crawler).
[[0;32m  OK  [0m] Reached target System Initialization.
[[0;32m  OK  [0m
[   11.459011] cloud-init[974]: ci-info: | enp0s8 | False |             .              |       .       |   .    | 08:00:27:a8:06:28 |
[   11.463816] cloud-init[974]: ci-info: |   lo   |  True |         127.0.0.1          |   255.0.0.0   |  host  |         .         |
[   11.468340] ] Started Message of the Day.
[[0;32m  OK  [0m] Started Daily Cleanup of Temporary Directories.
[[0;32m  OK  [0m] Listening on D-Bus System Message Bus Socket.
cloud-init[974]: ci-info: |   lo   |  True |          ::1/128           |       .       |  host  |         .         |
[   11.483396] cloud-init[974]: ci-info: +--------+-------+----------------------------+---------------+--------+-------------------+
[[0;32m  OK  [0m] Started ACPI Events Check.
[[0;32m  OK  [0m] Reached target Paths.
[[0;32m  OK  [0m] Listening on ACPID Listen Socket.
[   11.498134] cloud-init[974]: ci-info: +++++++++++++++++++++++++++Route IPv4 info++++++++++++++++++++++++++++
         Starting LXD - unix socket.
[   11.506762] cloud-init[974]:          Starting Socket activation for snappy daemon.
[[0;32m  OK  [0m] Listening on UUID daemon activation socket.
[[0;32m  OK  [0m] Started Daily apt download activities.
ci-info: +-------+-------------+----------+---------------+-----------+-------+
[   11.521448] cloud-init[974]: ci-info: | Route | Destination | Gateway  |    Genmask    | Interface | Flags |
[   11.525501] cloud-init[974]: ci-info: +-------+-------------+----------+---------------+-----------+-------+[[0;32m  OK  [0m] Started Daily apt upgrade and clean activities.
[[0;32m  OK  [0m] Started Ubuntu Advantage update messaging.
[[0;32m  OK  [0m] Reached target Timers.
[
[   11.539637] cloud-init[974]: ci-info: |   0   |   0.0.0.0   | 10.0.2.2 |    0.0.0.0    |   enp0s3  |   UG  |
[   11.543860] cloud-init[974]: ci-info: |   1   |   10.0.2.0  | 0.0.0.0  | 255.255.255.0 |   enp0s3  |   U   |
[   11.548397] [0;32m  OK  [0m] Reached target Cloud-config availability.
[[0;32m  OK  [0m] Reached target Network is Online.
         Starting iSCSI initiator daemon (iscsid)...
[cloud-init[974]: ci-info: +-------+-------------+----------+---------------+-----------+-------+
[   11.563027] cloud-init[974]: ci-info: +++++++++++++++++++Route IPv6 info+++++++++++++++++++
[   11.567041] cloud-init[974]: [0;32m  OK  [0m] Listening on LXD - unix socket.
ci-info: +-------+-------------+---------+-----------+-------+[[0;32m  OK  [0m] Listening on Socket activation for snappy daemon.
[   11.581849] 
[[0;32m  OK  [0m] Reached target Sockets.
[[0;32m  OK  [0m] Reached target Basic System.
cloud-init[974]: ci-info: | Route | Destination | Gateway | Interface | Flags |
[   11.593621] cloud-init[974]: ci-info: +-------+-------------+---------+-----------+-------+         Starting Login Service...
         Starting /etc/rc.local Compatibility...
         Starting Accounts Service...
[[0;32m  OK  [0m] Started Deferred execution scheduler.
[   11.612283] cloud-init[974]: ci-info: |   0   |  fe80::/64  |    ::   |   enp0s3  |   U   |
[   11.616299] cloud-init[974]: ci-info: |   3   |   ff00::/8  |    ::   |   enp0s3  |   U   |

         Starting LSB: MD monitoring daemon...
[[0;32m  OK  [0m] [   11.649658] Started D-Bus System Message Bus.
cloud-init[974]: ci-info: +-------+-------------+---------+-----------+-------+
[   11.673074] cloud-init[974]: Generating public/private rsa key pair.
[   11.683094] cloud-init[974]: Your identification has been saved in /etc/ssh/ssh_host_rsa_key.
[   11.689917] cloud-init[974]: Your public key has been saved in /etc/ssh/ssh_host_rsa_key.pub.
[[0;32m  OK  [0m] Started ACPI event daemon.
[   11.713761] cloud-init[[0;32m  OK  [0m] Started Regular background program processing daemon.
[[0;32m  OK  [0m] Started FUSE filesystem for LXC.
[974]: The key fingerprint is:
[   11.730463] cloud-init[974]: SHA256:gUc35u0iqnI4dj7KsK3t6bliqX3Ig3uzM8Cq4GZsQlI root@ubuntu-xenial
[   11.735797] cloud-init[974]: The key's randomart image is:
         Starting LSB: Record successful boot for GRUB...
         Starting Snap Daemon...
[   11.774844] cloud-init[974]: +---[RSA 2048]----+
         Starting LXD - container startup/shutdown...
         Starting System Logging Service...
         Starting Virtualbox guest utils...
         Starting Pollinate to seed the pseudo random number generator...
[[0;32m  OK  [0m] Started /etc/rc.local Compatibility.
[[0;32m  OK  [0m] Started iSCSI initiator daemon (iscsid).
[[0;32m  OK  [0m] Started Login Service.
[[0;32m  OK  [0m] Started Unattended Upgrades Shutdown.
         [   11.832946] Starting Authenticate and Authorize Users to Run Privileged Tasks...
cloud-init         Starting Login to default iSCSI targets...
[974]: [[0;32m  OK  [0m] Started System Logging Service.
|        . +      |
[   11.969060] cloud-init[974]: |       o + o     |
[[0;32m  OK  [0m] Started Login to default iSCSI targets.
[[0;32m  OK  [0m] Reached target Remote File Systems (Pre).
[[0;32m  OK  [0m] Reached target Remote File Systems.
         Starting Permit User Sessions...
         Starting LSB: automatic crash report generation...
         Starting LSB: Set the CPU Frequency Scaling governor to "ondemand"...
         Starting LSB: daemon to balance interrupts for SMP systems...
[[0;32m  OK  [0m] Started LSB: MD monitoring daemon.
[[0;32m  OK  [0m] Started LSB: Record successful boot for GRUB.
[[0;32m  OK  [0m] Started Permit User Sessions.
[   12.095110] cloud-init[974]: [[0;32m  OK  [0m] Started Authenticate and Authorize Users to Run Privileged Tasks.
[[0;32m  OK  [0m] Started Accounts Service.
         Starting Hold until boot process finishes up...
         Starting Terminate Plymouth Boot Screen...
[[0;32m  OK  [0m] Started Hold until boot process finishes up.
|      . o . .    |
[[0;32m  OK  [0m] Started Getty on tty1.
[[0;32m  OK  [0m] Started Serial Getty on ttyS0.
[[0;32m  OK  [0m] Reached target Login Prompts.
         Starting Set console scheme...
[[0;32m  OK  [0m] Started Terminate Plymouth Boot Screen.
[   12.214543] cloud-init[974]: |  E    . . .     |
[[0;32m  OK  [0m] Started Set console scheme.
[[0;32m  OK  [0m] Started LSB: Set the CPU Frequency Scaling governor to "ondemand".
[   12.291832] cloud-init[974]: |..      S . .    |
[[0;32m  OK  [0m] Started LSB: daemon to balance interrupts for SMP systems.
[   12.350799] cloud-init[974]: |oo     . . .     |
[   12.380280] cloud-init[[0;32m  OK  [0m] Started LXD - container startup/shutdown.
[[0;32m  OK  [0m] Started LSB: automatic crash report generation.
[974]: |B+.o  .          |
[   12.418364] cloud-init[974]: |B#&o=.           |
[   12.437255] cloud-init[974]: |#X&/o.           |
[   12.461217] cloud-init[974]: +----[SHA256]-----+
[   12.481520] cloud-init[974]: Generating public/private dsa key pair.
[[0;32m  OK  [0m] Started Virtualbox guest utils.
[   12.517686] cloud-init[974]: Your identification has been saved in /etc/ssh/ssh_host_dsa_key.
[   12.557871] cloud-init[974]: Your public key has been saved in /etc/ssh/ssh_host_dsa_key.pub.
[   12.571626] cloud-init[974]: The key fingerprint is:
[   12.577834] cloud-init[974]: SHA256:x2hdxQBSoEOPz/9CifYXtgYiESWqyDaoNYIq2+ayCko root@ubuntu-xenial
[   12.608718] cloud-init[974]: The key's randomart image is:
[   12.618326] cloud-init[974]: +---[DSA 1024]----+
[   12.635769] cloud-init[974]: |      o.+oo..o.  |
[   12.651388] cloud-init[974]: |     o.= .   ..  |
[   12.664738] cloud-init[974]: |    . +..   .    |
[   12.679677] cloud-init[974]: |+. .  .+ + .     |
[   12.690872] cloud-init[974]: |=++    .S.+.     |
[   12.710334] cloud-init[974]: |+o..  ..+o+ o    |
[[0;32m  OK  [0m] Started Snap Daemon.
         Starting Wait until snapd is fully seeded...
[   12.729971] cloud-init[974]: |=E     o +.o o   |
[   12.780460] cloud-init[974]: |*o.       o.+    |
[   12.798997] cloud-init[974]: |*=o        +.    |
[   12.820377] cloud-init[974]: +----[SHA256]-----+
[   12.840891] cloud-init[974]: Generating public/private ecdsa key pair.
[   12.864005] cloud-init[974]: Your identification has been saved in /etc/ssh/ssh_host_ecdsa_key.
[   12.889465] cloud-init[974]: Your public key has been saved in /etc/ssh/ssh_host_ecdsa_key.pub.
[   12.898446] cloud-init[974]: The key fingerprint is:
[   12.911909] cloud-init[974]: SHA256:WUlAyLJUzNT6A0BlX6TtnyJEZxXPwISqB5sF/iHnccA root@ubuntu-xenial
[   12.922327] cloud-init[974]: The key's randomart image is:
[   12.932779] cloud-init[974]: +---[ECDSA 256]---+
[   12.941475] cloud-init[974]: |   ..B==oo++=.   |
[   12.948731] cloud-init[974]: |    +.*.E=.o.+   |
[   12.954780] cloud-init[974]: |   . = o+o*   o  |
[   12.964647] cloud-init[974]: |    . *.**.      |
[   12.971286] cloud-init[974]: |       &S+.      |
[   12.980856] cloud-init[974]: |      +.*  . .   |
[   12.985118] cloud-init[974]: |       .... o    |
[   12.992202] cloud-init[974]: |         . .     |
[   13.001266] cloud-init[974]: |                 |
[   13.007449] cloud-init[974]: +----[SHA256]-----+
[   13.013544] cloud-init[974]: Generating public/private ed25519 key pair.
[   13.021869] cloud-init[974]: Your identification has been saved in /etc/ssh/ssh_host_ed25519_key.
[   13.034290] cloud-init[974]: Your public key has been saved in /etc/ssh/ssh_host_ed25519_key.pub.
[   13.041709] cloud-init[974]: The key fingerprint is:
[   13.049988] cloud-init[974]: SHA256:n3etH980bWNcQxYXvqzz5ZwEnDkc6ZQS1SDKdz5CLpA root@ubuntu-xenial
[   13.063379] cloud-init[974]: The key's randomart image is:
[   13.070544] cloud-init[974]: +--[ED25519 256]--+
[   13.076719] cloud-init[974]: |           o.oooo|
[   13.084235] cloud-init[974]: |        o . o +.o|
[   13.092883] cloud-init[974]: |       E o + * + |
[   13.102568] cloud-init[974]: |        . + O B .|
[   13.109886] cloud-init[974]: |        S. o @ +.|
[   13.116982] cloud-init[974]: |         .... *.+|
[   13.126761] cloud-init[974]: |          o .o.B*|
[   13.136856] cloud-init[974]: |           . .=*O|
[   13.149213] cloud-init[974]: |              .+*|
[   13.157675] cloud-init[974]: +----[SHA256]-----+
[[0;32m  OK  [0m] Started Wait until snapd is fully seeded.
         Starting Apply the settings specified in cloud-config...
[   14.472818] cloud-init[1312]: Generating locales (this might take a while)...
[   15.577520] cloud-init[1312]:   en_US.UTF-8... done
[   15.585464] cloud-init[1312]: Generation complete.
[   16.028879] cloud-init[1312]: Cloud-init v. 21.1-19-gbad84ad4-0ubuntu1~16.04.2 running 'modules:config' at Sun, 23 Apr 2023 19:03:53 +0000. Up 14.33 seconds.
[[0;32m  OK  [0m] Started Apply the settings specified in cloud-config.
ci-info: no authorized SSH keys fingerprints found for user ubuntu.

Ubuntu 16.04.7 LTS ubuntu-xenial ttyS0

<14>Apr 23 19:03:57 ec2: 
<14>Apr 23 19:03:57 ec2: #############################################################
<14>Apr 23 19:03:57 ec2: -----BEGIN SSH HOST KEY FINGERPRINTS-----
<14>Apr 23 19:03:57 ec2: 1024 SHA256:x2hdxQBSoEOPz/9CifYXtgYiESWqyDaoNYIq2+ayCko root@ubuntu-xenial (DSA)
<14>Apr 23 19:03:57 ec2: 256 SHA256:WUlAyLJUzNT6A0BlX6TtnyJEZxXPwISqB5sF/iHnccA root@ubuntu-xenial (ECDSA)
<14>Apr 23 19:03:57 ec2: 256 SHA256:n3etH980bWNcQxYXvqzz5ZwEnDkc6ZQS1SDKdz5CLpA root@ubuntu-xenial (ED25519)
<14>Apr 23 19:03:57 ec2: 2048 SHA256:gUc35u0iqnI4dj7KsK3t6bliqX3Ig3uzM8Cq4GZsQlI root@ubuntu-xenial (RSA)
<14>Apr 23 19:03:57 ec2: -----END SSH HOST KEY FINGERPRINTS-----
<14>Apr 23 19:03:57 ec2: #############################################################
-----BEGIN SSH HOST KEY KEYS-----
ecdsa-sha2-nistp256 AAAAE2VjZHNhLXNoYTItbmlzdHAyNTYAAAAIbmlzdHAyNTYAAABBBJnfv4hF6DXwOBjGjHqzV9OwWRG8HDwAz7ckROPyXIFm/zHV8QrRpJB5dbgxGwLuI2HkyDCfG/vMQ/spN72Ibe4= root@ubuntu-xenial
ssh-ed25519 AAAAC3NzaC1lZDI1NTE5AAAAIBXm5eeA4LVaW+3EKleJTe+7q8Q4Ttg6Z59xpgbmy1AZ root@ubuntu-xenial
ssh-rsa AAAAB3NzaC1yc2EAAAADAQABAAABAQCz489rClwA0rtiac1TnJ32Y7OdYcjhcqglHvYtx0h53DgiGmMtEnm4UHVEeka7azY8fCqasdbhBBGObnpo7Neqj5crrXe9jd9SjttiKSyvGym6c4EjpwBpc0CbpP0E9rBiCi0qFOoFTP9GkS6XObOV5XP+gYidoCCAC40DhzeRZ9M/lfbZ9Agkr0tjVU9sifXcaoc2VsMLEI/4TQKYaSL/Qgi/s5GlxyZybo+ybN3YjncDA2O28bmmpVtc4MCfNNNcRyQ5vhNl6x2YyPo62ZmfVw7jSWywJkn1PX8i4fSX6pn+k/UPySYszXHUlQWn/0soyn5dLqYGU8AI9E/EyCM7 root@ubuntu-xenial
-----END SSH HOST KEY KEYS-----
ubuntu-xenial login: [   18.351279] cloud-init[1379]: Cloud-init v. 21.1-19-gbad84ad4-0ubuntu1~16.04.2 running 'modules:final' at Sun, 23 Apr 2023 19:03:57 +0000. Up 17.89 seconds.
[   18.357022] cloud-init[1379]: ci-info: no authorized SSH keys fingerprints found for user ubuntu.
[   18.392041] cloud-init[1379]: Cloud-init v. 21.1-19-gbad84ad4-0ubuntu1~16.04.2 finished at Sun, 23 Apr 2023 19:03:57 +0000. Datasource DataSourceNoCloud [seed=/dev/sdb][dsmode=net].  Up 18.32 seconds
                                                                                                                                                                                                                                                                                                                                                                                                                                                                                                                                                                                                                                                                                                                                                                      