[    0.000000] Initializing cgroup subsys cpuset
[    0.000000] Initializing cgroup subsys cpu
[    0.000000] Initializing cgroup subsys cpuacct
[    0.000000] Linux version 4.4.0-210-generic (buildd@lgw01-amd64-009) (gcc version 5.4.0 20160609 (Ubuntu 5.4.0-6ubuntu1~16.04.12) ) #242-Ubuntu SMP Fri Apr 16 09:57:56 UTC 2021 (Ubuntu 4.4.0-210.242-generic 4.4.262)
[    0.000000] Command line: BOOT_IMAGE=/boot/vmlinuz-4.4.0-210-generic root=LABEL=cloudimg-rootfs ro console=tty1 console=ttyS0
[    0.000000] KERNEL supported cpus:
[    0.000000]   Intel GenuineIntel
[    0.000000]   AMD AuthenticAMD
[    0.000000]   Centaur CentaurHauls
[    0.000000] x86/fpu: xstate_offset[2]:  576, xstate_sizes[2]:  256
[    0.000000] x86/fpu: Supporting XSAVE feature 0x01: 'x87 floating point registers'
[    0.000000] x86/fpu: Supporting XSAVE feature 0x02: 'SSE registers'
[    0.000000] x86/fpu: Supporting XSAVE feature 0x04: 'AVX registers'
[    0.000000] x86/fpu: Enabled xstate features 0x7, context size is 832 bytes, using 'standard' format.
[    0.000000] e820: BIOS-provided physical RAM map:
[    0.000000] BIOS-e820: [mem 0x0000000000000000-0x000000000009fbff] usable
[    0.000000] BIOS-e820: [mem 0x000000000009fc00-0x000000000009ffff] reserved
[    0.000000] BIOS-e820: [mem 0x00000000000f0000-0x00000000000fffff] reserved
[    0.000000] BIOS-e820: [mem 0x0000000000100000-0x000000003ffeffff] usable
[    0.000000] BIOS-e820: [mem 0x000000003fff0000-0x000000003fffffff] ACPI data
[    0.000000] BIOS-e820: [mem 0x00000000fec00000-0x00000000fec00fff] reserved
[    0.000000] BIOS-e820: [mem 0x00000000fee00000-0x00000000fee00fff] reserved
[    0.000000] BIOS-e820: [mem 0x00000000fffc0000-0x00000000ffffffff] reserved
[    0.000000] NX (Execute Disable) protection: active
[    0.000000] SMBIOS 2.5 present.
[    0.000000] Hypervisor detected: KVM
[    0.000000] e820: last_pfn = 0x3fff0 max_arch_pfn = 0x400000000
[    0.000000] MTRR: Disabled
[    0.000000] x86/PAT: MTRRs disabled, skipping PAT initialization too.
[    0.000000] CPU MTRRs all blank - virtualized system.
[    0.000000] x86/PAT: Configuration [0-7]: WB  WT  UC- UC  WB  WT  UC- UC  
[    0.000000] found SMP MP-table at [mem 0x0009fff0-0x0009ffff] mapped at [ffff88000009fff0]
[    0.000000] Scanning 1 areas for low memory corruption
[    0.000000] RAMDISK: [mem 0x362dc000-0x37165fff]
[    0.000000] ACPI: Early table checksum verification disabled
[    0.000000] ACPI: RSDP 0x00000000000E0000 000024 (v02 VBOX  )
[    0.000000] ACPI: XSDT 0x000000003FFF0030 00003C (v01 VBOX   VBOXXSDT 00000001 ASL  00000061)
[    0.000000] ACPI: FACP 0x000000003FFF00F0 0000F4 (v04 VBOX   VBOXFACP 00000001 ASL  00000061)
[    0.000000] ACPI: DSDT 0x000000003FFF0610 002353 (v02 VBOX   VBOXBIOS 00000002 INTL 20200528)
[    0.000000] ACPI: FACS 0x000000003FFF0200 000040
[    0.000000] ACPI: FACS 0x000000003FFF0200 000040
[    0.000000] ACPI: APIC 0x000000003FFF0240 00005C (v02 VBOX   VBOXAPIC 00000001 ASL  00000061)
[    0.000000] ACPI: SSDT 0x000000003FFF02A0 00036C (v01 VBOX   VBOXCPUT 00000002 INTL 20200528)
[    0.000000] No NUMA configuration found
[    0.000000] Faking a node at [mem 0x0000000000000000-0x000000003ffeffff]
[    0.000000] NODE_DATA(0) allocated [mem 0x3ffeb000-0x3ffeffff]
[    0.000000] kvm-clock: Using msrs 4b564d01 and 4b564d00
[    0.000000] kvm-clock: cpu 0, msr 0:3ffe3001, primary cpu clock
[    0.000000] kvm-clock: using sched offset of 3449669888 cycles
[    0.000000] clocksource: kvm-clock: mask: 0xffffffffffffffff max_cycles: 0x1cd42e4dffb, max_idle_ns: 881590591483 ns
[    0.000000] Zone ranges:
[    0.000000]   DMA      [mem 0x0000000000001000-0x0000000000ffffff]
[    0.000000]   DMA32    [mem 0x0000000001000000-0x000000003ffeffff]
[    0.000000]   Normal   empty
[    0.000000]   Device   empty
[    0.000000] Movable zone start for each node
[    0.000000] Early memory node ranges
[    0.000000]   node   0: [mem 0x0000000000001000-0x000000000009efff]
[    0.000000]   node   0: [mem 0x0000000000100000-0x000000003ffeffff]
[    0.000000] Initmem setup node 0 [mem 0x0000000000001000-0x000000003ffeffff]
[    0.000000] ACPI: PM-Timer IO Port: 0x4008
[    0.000000] IOAPIC[0]: apic_id 2, version 32, address 0xfec00000, GSI 0-23
[    0.000000] ACPI: INT_SRC_OVR (bus 0 bus_irq 0 global_irq 2 dfl dfl)
[    0.000000] ACPI: INT_SRC_OVR (bus 0 bus_irq 9 global_irq 9 low level)
[    0.000000] Using ACPI (MADT) for SMP configuration information
[    0.000000] smpboot: Allowing 2 CPUs, 0 hotplug CPUs
[    0.000000] PM: Registered nosave memory: [mem 0x00000000-0x00000fff]
[    0.000000] PM: Registered nosave memory: [mem 0x0009f000-0x0009ffff]
[    0.000000] PM: Registered nosave memory: [mem 0x000a0000-0x000effff]
[    0.000000] PM: Registered nosave memory: [mem 0x000f0000-0x000fffff]
[    0.000000] e820: [mem 0x40000000-0xfebfffff] available for PCI devices
[    0.000000] Booting paravirtualized kernel on KVM
[    0.000000] clocksource: refined-jiffies: mask: 0xffffffff max_cycles: 0xffffffff, max_idle_ns: 7645519600211568 ns
[    0.000000] setup_percpu: NR_CPUS:512 nr_cpumask_bits:512 nr_cpu_ids:2 nr_node_ids:1
[    0.000000] PERCPU: Embedded 33 pages/cpu @ffff88003fc00000 s95192 r8192 d31784 u1048576
[    0.000000] Built 1 zonelists in Node order, mobility grouping on.  Total pages: 257912
[    0.000000] Policy zone: DMA32
[    0.000000] Kernel command line: BOOT_IMAGE=/boot/vmlinuz-4.4.0-210-generic root=LABEL=cloudimg-rootfs ro console=tty1 console=ttyS0
[    0.000000] PID hash table entries: 4096 (order: 3, 32768 bytes)
[    0.000000] Memory: 997792K/1048120K available (8644K kernel code, 1332K rwdata, 4044K rodata, 1492K init, 1164K bss, 50328K reserved, 0K cma-reserved)
[    0.000000] SLUB: HWalign=64, Order=0-3, MinObjects=0, CPUs=2, Nodes=1
[    0.000000] Kernel/User page tables isolation: enabled
[    0.000000] Hierarchical RCU implementation.
[    0.000000] 	Build-time adjustment of leaf fanout to 64.
[    0.000000] 	RCU restricting CPUs from NR_CPUS=512 to nr_cpu_ids=2.
[    0.000000] RCU: Adjusting geometry for rcu_fanout_leaf=64, nr_cpu_ids=2
[    0.000000] NR_IRQS:33024 nr_irqs:440 16
[    0.000000] Console: colour VGA+ 80x25
[    0.000000] console [tty1] enabled
[    0.000000] console [ttyS0] enabled
[    0.000000] tsc: Detected 1385.761 MHz processor
[    0.517142] Calibrating delay loop (skipped) preset value.. 2771.52 BogoMIPS (lpj=5543044)
[    0.523480] pid_max: default: 32768 minimum: 301
[    0.526434] ACPI: Core revision 20150930
[    0.529965] ACPI: 2 ACPI AML tables successfully acquired and loaded
[    0.534493] Security Framework initialized
[    0.537495] Yama: becoming mindful.
[    0.540794] AppArmor: AppArmor initialized
[    0.544384] Dentry cache hash table entries: 131072 (order: 8, 1048576 bytes)
[    0.551906] Inode-cache hash table entries: 65536 (order: 7, 524288 bytes)
[    0.557863] Mount-cache hash table entries: 2048 (order: 2, 16384 bytes)
[    0.562862] Mountpoint-cache hash table entries: 2048 (order: 2, 16384 bytes)
[    0.568169] Initializing cgroup subsys io
[    0.571500] Initializing cgroup subsys memory
[    0.574672] Initializing cgroup subsys devices
[    0.578348] Initializing cgroup subsys freezer
[    0.581296] Initializing cgroup subsys net_cls
[    0.583985] Initializing cgroup subsys perf_event
[    0.587428] Initializing cgroup subsys net_prio
[    0.590699] Initializing cgroup subsys hugetlb
[    0.593669] Initializing cgroup subsys pids
[    0.610989] mce: CPU supports 0 MCE banks
[    0.615180] Last level iTLB entries: 4KB 64, 2MB 8, 4MB 8
[    0.619296] Last level dTLB entries: 4KB 64, 2MB 0, 4MB 0, 1GB 4
[    0.624134] Spectre V1 : Mitigation: usercopy/swapgs barriers and __user pointer sanitization
[    0.629245] Spectre V2 : Mitigation: Full generic retpoline
[    0.632609] Spectre V2 : Spectre v2 / SpectreRSB mitigation: Filling RSB on context switch
[    0.637668] Speculative Store Bypass: Vulnerable
[    0.641566] SRBDS: Unknown: Dependent on hypervisor status
[    0.646441] MDS: Mitigation: Clear CPU buffers
[    0.680294] Freeing SMP alternatives memory: 36K
[    0.753046] ftrace: allocating 32380 entries in 127 pages
[    1.228870] smpboot: APIC(0) Converting physical 0 to logical package 0
[    1.234331] smpboot: Max logical packages: 1
[    1.238798] x2apic enabled
[    1.242444] Switched APIC routing to physical x2apic.
[    1.256655] ..TIMER: vector=0x30 apic1=0 pin1=2 apic2=-1 pin2=-1
[    1.371425] APIC calibration not consistent with PM-Timer: 101ms instead of 100ms
[    1.375925] APIC delta adjusted to PM-Timer: 6275339 (6357192)
[    1.379514] smpboot: CPU0: Intel(R) Core(TM) i5-8257U CPU @ 1.40GHz (family: 0x6, model: 0x8e, stepping: 0xa)
[    1.385882] Performance Events: unsupported p6 CPU model 142 no PMU driver, software events only.
[    1.463859] KVM setup paravirtual spinlock
[    1.467679] x86: Booting SMP configuration:
[    1.470208] .... node  #0, CPUs:      #1
[    1.473654] kvm-clock: cpu 1, msr 0:3ffe3041, secondary cpu clock
[    1.490358] mce: CPU supports 0 MCE banks
[    1.494445] x86: Booted up 1 node, 2 CPUs
[    1.498460] smpboot: Total of 2 processors activated (5543.04 BogoMIPS)
[    1.504978] devtmpfs: initialized
[    1.509904] evm: security.selinux
[    1.514264] evm: security.SMACK64
[    1.516372] evm: security.SMACK64EXEC
[    1.518666] evm: security.SMACK64TRANSMUTE
[    1.521156] evm: security.SMACK64MMAP
[    1.523467] evm: security.ima
[    1.525644] evm: security.capability
[    1.528200] clocksource: jiffies: mask: 0xffffffff max_cycles: 0xffffffff, max_idle_ns: 7645041785100000 ns
[    1.534187] futex hash table entries: 512 (order: 3, 32768 bytes)
[    1.538402] pinctrl core: initialized pinctrl subsystem
[    1.542164] RTC time: 18:22:30, date: 04/23/23
[    1.545611] NET: Registered protocol family 16
[    1.558193] cpuidle: using governor ladder
[    1.572003] cpuidle: using governor menu
[    1.574586] PCCT header not found.
[    1.577057] ACPI: bus type PCI registered
[    1.579983] acpiphp: ACPI Hot Plug PCI Controller Driver version: 0.5
[    1.584961] PCI: Using configuration type 1 for base access
[    1.599865] ACPI: Added _OSI(Module Device)
[    1.603570] ACPI: Added _OSI(Processor Device)
[    1.608466] ACPI: Added _OSI(3.0 _SCP Extensions)
[    1.614500] ACPI: Added _OSI(Processor Aggregator Device)
[    1.620498] ACPI: Executed 1 blocks of module-level executable AML code
[    1.628214] ACPI: Interpreter enabled
[    1.631271] ACPI: (supports S0 S5)
[    1.633589] ACPI: Using IOAPIC for interrupt routing
[    1.637577] PCI: Using host bridge windows from ACPI; if necessary, use "pci=nocrs" and report a bug
[    1.652573] ACPI: PCI Root Bridge [PCI0] (domain 0000 [bus 00-ff])
[    1.657880] acpi PNP0A03:00: _OSC: OS supports [ASPM ClockPM Segments MSI]
[    1.665510] acpi PNP0A03:00: _OSC: not requesting OS control; OS requires [ExtendedConfig ASPM ClockPM MSI]
[    1.671797] acpi PNP0A03:00: fail to add MMCONFIG information, can't access extended PCI configuration space under this bridge.
[    1.679039] PCI host bridge to bus 0000:00
[    1.681604] pci_bus 0000:00: root bus resource [io  0x0000-0x0cf7 window]
[    1.685607] pci_bus 0000:00: root bus resource [io  0x0d00-0xffff window]
[    1.689606] pci_bus 0000:00: root bus resource [mem 0x000a0000-0x000bffff window]
[    1.694516] pci_bus 0000:00: root bus resource [mem 0x40000000-0xfdffffff window]
[    1.700267] pci_bus 0000:00: root bus resource [bus 00-ff]
[    1.721325] pci 0000:00:01.1: legacy IDE quirk: reg 0x10: [io  0x01f0-0x01f7]
[    1.725839] pci 0000:00:01.1: legacy IDE quirk: reg 0x14: [io  0x03f6]
[    1.729608] pci 0000:00:01.1: legacy IDE quirk: reg 0x18: [io  0x0170-0x0177]
[    1.733658] pci 0000:00:01.1: legacy IDE quirk: reg 0x1c: [io  0x0376]
[    1.779266] pci 0000:00:07.0: quirk: [io  0x4000-0x403f] claimed by PIIX4 ACPI
[    1.783649] pci 0000:00:07.0: quirk: [io  0x4100-0x410f] claimed by PIIX4 SMB
[    1.800552] ACPI: PCI Interrupt Link [LNKA] (IRQs 5 9 10 *11)
[    1.806444] ACPI: PCI Interrupt Link [LNKB] (IRQs 5 9 *10 11)
[    1.812160] ACPI: PCI Interrupt Link [LNKC] (IRQs 5 *9 10 11)
[    1.817570] ACPI: PCI Interrupt Link [LNKD] (IRQs 5 9 10 *11)
[    1.823947] ACPI: Enabled 2 GPEs in block 00 to 07
[    1.827954] vgaarb: setting as boot device: PCI:0000:00:02.0
[    1.831238] vgaarb: device added: PCI:0000:00:02.0,decodes=io+mem,owns=io+mem,locks=none
[    1.835981] vgaarb: loaded
[    1.837896] vgaarb: bridge control possible 0000:00:02.0
[    1.841617] SCSI subsystem initialized
[    1.844527] ACPI: bus type USB registered
[    1.847082] usbcore: registered new interface driver usbfs
[    1.850531] usbcore: registered new interface driver hub
[    1.854000] usbcore: registered new device driver usb
[    1.858853] PCI: Using ACPI for IRQ routing
[    1.863454] NetLabel: Initializing
[    1.865711] NetLabel:  domain hash size = 128
[    1.868392] NetLabel:  protocols = UNLABELED CIPSOv4
[    1.871373] NetLabel:  unlabeled traffic allowed by default
[    1.874938] amd_nb: Cannot enumerate AMD northbridges
[    1.878283] clocksource: Switched to clocksource kvm-clock
[    1.894318] AppArmor: AppArmor Filesystem Enabled
[    1.897575] pnp: PnP ACPI init
[    1.901360] pnp: PnP ACPI: found 3 devices
[    1.923573] clocksource: acpi_pm: mask: 0xffffff max_cycles: 0xffffff, max_idle_ns: 2085701024 ns
[    1.928849] NET: Registered protocol family 2
[    1.932019] TCP established hash table entries: 8192 (order: 4, 65536 bytes)
[    1.936217] TCP bind hash table entries: 8192 (order: 5, 131072 bytes)
[    1.940200] TCP: Hash tables configured (established 8192 bind 8192)
[    1.944087] UDP hash table entries: 512 (order: 2, 16384 bytes)
[    1.948476] UDP-Lite hash table entries: 512 (order: 2, 16384 bytes)
[    1.952285] NET: Registered protocol family 1
[    1.954948] pci 0000:00:00.0: Limiting direct PCI/PCI transfers
[    1.958567] pci 0000:00:01.0: Activating ISA DMA hang workarounds
[    1.962602] Unpacking initramfs...
[    2.206637] Freeing initrd memory: 14888K
[    2.209515] clocksource: tsc: mask: 0xffffffffffffffff max_cycles: 0x13f99550b1f, max_idle_ns: 440795254459 ns
[    2.216049] platform rtc_cmos: registered platform RTC device (no PNP device found)
[    2.221112] Scanning for low memory corruption every 60 seconds
[    2.225305] audit: initializing netlink subsys (disabled)
[    2.228573] audit: type=2000 audit(1682274155.872:1): initialized
[    2.232475] Initialise system trusted keyring
[    2.235670] HugeTLB registered 2 MB page size, pre-allocated 0 pages
[    2.241119] zbud: loaded
[    2.243643] VFS: Disk quotas dquot_6.6.0
[    2.246539] VFS: Dquot-cache hash table entries: 512 (order 0, 4096 bytes)
[    2.251439] squashfs: version 4.0 (2009/01/31) Phillip Lougher
[    2.255811] fuse init (API version 7.23)
[    2.260279] Key type big_key registered
[    2.264446] Allocating IMA MOK and blacklist keyrings.
[    2.273414] Key type asymmetric registered
[    2.276140] Asymmetric key parser 'x509' registered
[    2.279390] Block layer SCSI generic (bsg) driver version 0.4 loaded (major 249)
[    2.284459] io scheduler noop registered
[    2.287480] io scheduler deadline registered (default)
[    2.290733] io scheduler cfq registered
[    2.293974] pci_hotplug: PCI Hot Plug PCI Core version: 0.5
[    2.298054] pciehp: PCI Express Hot Plug Controller Driver version: 0.4
[    2.303459] ACPI: AC Adapter [AC] (on-line)
[    2.307053] input: Power Button as /devices/LNXSYSTM:00/LNXPWRBN:00/input/input0
[    2.312518] ACPI: Power Button [PWRF]
[    2.316444] input: Sleep Button as /devices/LNXSYSTM:00/LNXSLPBN:00/input/input1
[    2.321896] ACPI: Sleep Button [SLPF]
[    2.325170] GHES: HEST is not enabled!
[    2.327785] ACPI: Battery Slot [BAT0] (battery present)
[    2.332249] Serial: 8250/16550 driver, 32 ports, IRQ sharing enabled
[    2.362218] 00:02: ttyS0 at I/O 0x3f8 (irq = 4, base_baud = 115200) is a 16550A
[    2.372182] Linux agpgart interface v0.103
[    2.379452] loop: module loaded
[    2.382616] scsi host0: ata_piix
[    2.385012] scsi host1: ata_piix
[    2.387142] ata1: PATA max UDMA/33 cmd 0x1f0 ctl 0x3f6 bmdma 0xd000 irq 14
[    2.391251] ata2: PATA max UDMA/33 cmd 0x170 ctl 0x376 bmdma 0xd008 irq 15
[    2.396646] libphy: Fixed MDIO Bus: probed
[    2.399911] tun: Universal TUN/TAP device driver, 1.6
[    2.403780] tun: (C) 1999-2004 Max Krasnyansky <maxk@qualcomm.com>
[    2.408345] PPP generic driver version 2.4.2
[    2.412247] ehci_hcd: USB 2.0 'Enhanced' Host Controller (EHCI) Driver
[    2.416351] ehci-pci: EHCI PCI platform driver
[    2.419100] ehci-platform: EHCI generic platform driver
[    2.422530] ohci_hcd: USB 1.1 'Open' Host Controller (OHCI) Driver
[    2.426325] ohci-pci: OHCI PCI platform driver
[    2.429029] ohci-platform: OHCI generic platform driver
[    2.432242] uhci_hcd: USB Universal Host Controller Interface driver
[    2.436050] i8042: PNP: PS/2 Controller [PNP0303:PS2K,PNP0f03:PS2M] at 0x60,0x64 irq 1,12
[    2.443028] serio: i8042 KBD port at 0x60,0x64 irq 1
[    2.446008] serio: i8042 AUX port at 0x60,0x64 irq 12
[    2.449999] mousedev: PS/2 mouse device common for all mice
[    2.455427] input: AT Translated Set 2 keyboard as /devices/platform/i8042/serio0/input/input2
[    2.463120] rtc_cmos rtc_cmos: rtc core: registered rtc_cmos as rtc0
[    2.467583] rtc_cmos rtc_cmos: alarms up to one day, 114 bytes nvram
[    2.471356] i2c /dev entries driver
[    2.473596] device-mapper: uevent: version 1.0.3
[    2.476794] device-mapper: ioctl: 4.34.0-ioctl (2015-10-28) initialised: dm-devel@redhat.com
[    2.481973] ledtrig-cpu: registered to indicate activity on CPUs
[    2.486908] NET: Registered protocol family 10
[    2.489790] NET: Registered protocol family 17
[    2.492559] Key type dns_resolver registered
[    2.496053] registered taskstats version 1
[    2.499306] Loading compiled-in X.509 certificates
[    2.503554] Loaded X.509 cert 'Build time autogenerated kernel key: cf00e047681d67edb2720680708b7d9498083038'
[    2.510254] zswap: loaded using pool lzo/zbud
[    2.516045] Key type trusted registered
[    2.522815] Key type encrypted registered
[    2.525217] AppArmor: AppArmor sha1 policy hashing enabled
[    2.528538] ima: No TPM chip found, activating TPM-bypass!
[    2.531860] ima: Allocated hash algorithm: sha1
[    2.534723] evm: HMAC attrs: 0x1
[    2.537743]   Magic number: 3:449:393
[    2.540444] rtc_cmos rtc_cmos: setting system clock to 2023-04-23 18:22:31 UTC (1682274151)
[    2.545558] BIOS EDD facility v0.16 2004-Jun-25, 0 devices found
[    2.549829] EDD information not available.
[    2.602344] Freeing unused kernel memory: 1492K
[    2.614760] Write protecting the kernel read-only data: 14336k
[    2.618696] Freeing unused kernel memory: 1584K
[    2.621615] Freeing unused kernel memory: 52K
Loading, please wait...
starting version 229
[    2.640345] random: systemd-udevd: uninitialized urandom read (16 bytes read, 5 bits of entropy available)
[    2.641243] random: udevadm: uninitialized urandom read (16 bytes read, 5 bits of entropy available)
[    2.641291] random: udevadm: uninitialized urandom read (16 bytes read, 5 bits of entropy available)
[    2.659613] random: systemd-udevd: uninitialized urandom read (16 bytes read, 5 bits of entropy available)
[    2.660696] random: udevadm: uninitialized urandom read (16 bytes read, 5 bits of entropy available)
[    2.660818] random: udevadm: uninitialized urandom read (16 bytes read, 5 bits of entropy available)
[    2.661178] random: udevadm: uninitialized urandom read (16 bytes read, 5 bits of entropy available)
[    2.661312] random: udevadm: uninitialized urandom read (16 bytes read, 5 bits of entropy available)
[    2.661463] random: udevadm: uninitialized urandom read (16 bytes read, 5 bits of entropy available)
[    2.661590] random: udevadm: uninitialized urandom read (16 bytes read, 5 bits of entropy available)
[    2.748290] e1000: Intel(R) PRO/1000 Network Driver - version 7.3.21-k8-NAPI
[    2.755706] e1000: Copyright (c) 1999-2006 Intel Corporation.
[    2.779196] Fusion MPT base driver 3.04.20
[    2.782311] Copyright (c) 1999-2008 LSI Corporation
[    2.812276] AVX2 version of gcm_enc/dec engaged.
[    2.817727] AES CTR mode by8 optimization enabled
[    2.834528] Fusion MPT SPI Host driver 3.04.20
[    3.015263] input: ImExPS/2 Generic Explorer Mouse as /devices/platform/i8042/serio1/input/input4
[    3.299844] e1000 0000:00:03.0 eth0: (PCI:33MHz:32-bit) 02:be:82:6b:cc:1d
[    3.304945] e1000 0000:00:03.0 eth0: Intel(R) PRO/1000 Network Connection
[    3.310594] mptbase: ioc0: Initiating bringup
[    3.384784] ioc0: LSI53C1030 A0: Capabilities={Initiator}
[    3.555191] scsi host2: ioc0: LSI53C1030 A0, FwRev=00000000h, Ports=1, MaxQ=256, IRQ=20
[    3.671603] scsi 2:0:0:0: Direct-Access     VBOX     HARDDISK         1.0  PQ: 0 ANSI: 5
[    3.676666] scsi target2:0:0: Beginning Domain Validation
[    3.684608] scsi target2:0:0: Domain Validation skipping write tests
[    3.688486] scsi target2:0:0: Ending Domain Validation
[    3.691867] scsi target2:0:0: asynchronous
[    3.695826] scsi 2:0:1:0: Direct-Access     VBOX     HARDDISK         1.0  PQ: 0 ANSI: 5
[    3.701544] scsi target2:0:1: Beginning Domain Validation
[    3.718041] scsi target2:0:1: Domain Validation skipping write tests
[    3.722933] scsi target2:0:1: Ending Domain Validation
[    3.727247] scsi target2:0:1: asynchronous
[    3.751482] sd 2:0:0:0: Attached scsi generic sg0 type 0
[    3.757260] sd 2:0:1:0: Attached scsi generic sg1 type 0
[    3.759851] sd 2:0:0:0: [sda] 83886080 512-byte logical blocks: (42.9 GB/40.0 GiB)
[    3.767120] sd 2:0:0:0: [sda] Write Protect is off
[    3.771835] sd 2:0:1:0: [sdb] 20480 512-byte logical blocks: (10.5 MB/10.0 MiB)
[    3.773686] sd 2:0:0:0: [sda] Incomplete mode parameter data
[    3.773687] sd 2:0:0:0: [sda] Assuming drive cache: write through
[    3.788038]  sda: sda1
[    3.790807] sd 2:0:1:0: [sdb] Write Protect is off
[    3.795180] sd 2:0:0:0: [sda] Attached SCSI disk
[    3.798587] sd 2:0:1:0: [sdb] Incomplete mode parameter data
[    3.802444] sd 2:0:1:0: [sdb] Assuming drive cache: write through
[    3.811827] sd 2:0:1:0: [sdb] Attached SCSI disk
[    4.178115] e1000 0000:00:08.0 eth1: (PCI:33MHz:32-bit) 08:00:27:e1:3f:af
[    4.182649] e1000 0000:00:08.0 eth1: Intel(R) PRO/1000 Network Connection
[    4.188724] e1000 0000:00:03.0 enp0s3: renamed from eth0
[    4.206581] e1000 0000:00:08.0 enp0s8: renamed from eth1
Begin: Loading essential drivers ... [    5.799273] md: linear personality registered for level -1
[    5.806721] md: multipath personality registered for level -4
[    5.813772] md: raid0 personality registered for level 0
[    5.828625] md: raid1 personality registered for level 1
[    5.920989] raid6: sse2x1   gen() 13215 MB/s
[    6.025631] raid6: sse2x1   xor() 13450 MB/s
[    6.119146] raid6: sse2x2   gen() 17727 MB/s
[    6.194917] raid6: sse2x2   xor() 11565 MB/s
[    6.275508] raid6: sse2x4   gen() 18876 MB/s
[    6.344595] raid6: sse2x4   xor() 11256 MB/s
[    6.426392] raid6: avx2x1   gen() 20328 MB/s
[    6.509221] raid6: avx2x2   gen() 33707 MB/s
[    6.593320] raid6: avx2x4   gen() 31169 MB/s
[    6.597727] raid6: using algorithm avx2x2 gen() 33707 MB/s
[    6.601567] raid6: using avx2x2 recovery algorithm
[    6.607353] xor: automatically using best checksumming function:
[    6.650897]    avx       : 19820.000 MB/sec
[    6.656153] async_tx: api initialized (async)
[    6.688893] md: raid6 personality registered for level 6
[    6.693673] md: raid5 personality registered for level 5
[    6.698006] md: raid4 personality registered for level 4
[    6.718931] md: raid10 personality registered for level 10
done.
Begin: Running /scripts/init-premount ... done.
Begin: Mounting root file system ... Begin: Running /scripts/local-top ... done.
Begin: Running /scripts/local-premount ... [    6.793558] Btrfs loaded
Scanning for Btrfs filesystems
done.
Warning: fsck not present, so skipping root file system
[    6.830602] EXT4-fs (sda1): INFO: recovery required on readonly filesystem
[    6.834725] EXT4-fs (sda1): write access will be enabled during recovery
[    6.940776] EXT4-fs (sda1): recovery complete
[    6.943941] EXT4-fs (sda1): mounted filesystem with ordered data mode. Opts: (null)
done.
Begin: Running /scripts/local-bottom ... done.
Begin: Running /scripts/init-bottom ... done.
[    7.064861] systemd[1]: systemd 229 running in system mode. (+PAM +AUDIT +SELINUX +IMA +APPARMOR +SMACK +SYSVINIT +UTMP +LIBCRYPTSETUP +GCRYPT +GNUTLS +ACL +XZ -LZ4 +SECCOMP +BLKID +ELFUTILS +KMOD -IDN)
[    7.076671] systemd[1]: Detected virtualization oracle.
[    7.080432] systemd[1]: Detected architecture x86-64.

Welcome to [1mUbuntu 16.04.7 LTS[0m!

[    7.090116] systemd[1]: Set hostname to <ubuntu-xenial>.
[    7.264340] systemd[1]: Listening on Journal Audit Socket.
[[0;32m  OK  [0m] Listening on Journal Audit Socket.
[    7.270823] systemd[1]: Listening on LVM2 poll daemon socket.
[[0;32m  OK  [0m] Listening on LVM2 poll daemon socket.
[    7.277542] systemd[1]: Set up automount Arbitrary Executable File Formats File System Automount Point.
[[0;32m  OK  [0m] Set up automount Arbitrary Executab...ats File System Automount Point.
[    7.287307] systemd[1]: Started Trigger resolvconf update for networkd DNS.
[[0;32m  OK  [0m] Started Trigger resolvconf update for networkd DNS.
[    7.294801] systemd[1]: Reached target System Time Synchronized.
[[0;32m  OK  [0m] Reached target System Time Synchronized.
[    7.301361] systemd[1]: Listening on LVM2 metadata daemon socket.
[[0;32m  OK  [0m] Listening on LVM2 metadata daemon socket.
[    7.307844] systemd[1]: Listening on Syslog Socket.
[[0;32m  OK  [0m] Listening on Syslog Socket.
[    7.313483] systemd[1]: Listening on fsck to fsckd communication Socket.
[[0;32m  OK  [0m] Listening on fsck to fsckd communication Socket.
[    7.321537] systemd[1]: Started Forward Password Requests to Wall Directory Watch.
[[0;32m  OK  [0m] Started Forward Password Requests to Wall Directory Watch.
[    7.329776] systemd[1]: Listening on Device-mapper event daemon FIFOs.
[[0;32m  OK  [0m] Listening on Device-mapper event daemon FIFOs.
[    7.336893] systemd[1]: Reached target Swap.
[[0;32m  OK  [0m] Reached target Swap.
[    7.342421] systemd[1]: Created slice System Slice.
[[0;32m  OK  [0m] Created slice System Slice.
[    7.348177] systemd[1]: Listening on Journal Socket.
[[0;32m  OK  [0m] Listening on Journal Socket.
[    7.367254] systemd[1]: Mounting Debug File System...
         Mounting Debug File System...
[    7.377284] systemd[1]: Starting Monitoring of LVM2 mirrors, snapshots etc. using dmeventd or progress polling...
         Starting Monitoring of LVM2 mirrors... dmeventd or progress polling...
[    7.392037] systemd[1]: Starting Create list of required static device nodes for the current kernel...
[    7.400694] random: nonblocking pool is initialized
         Starting Create list of required st... nodes for the current kernel...
[    7.408651] systemd[1]: Mounting Huge Pages File System...
         Mounting Huge Pages File System...
[    7.416657] systemd[1]: Starting File System Check on Root Device...
         Starting File System Check on Root Device...
[    7.428038] systemd[1]: Mounting POSIX Message Queue File System...
         Mounting POSIX Message Queue File System...
[    7.437243] systemd[1]: Starting Set console keymap...
         Starting Set console keymap...
[    7.451325] systemd[1]: Listening on udev Kernel Socket.
[[0;32m  OK  [0m] Listening on udev Kernel Socket.
[    7.459356] systemd[1]: Reached target Encrypted Volumes.
[[0;32m  OK  [0m] Reached target Encrypted Volumes.
[    7.468460] systemd[1]: Reached target User and Group Name Lookups.
[[0;32m  OK  [0m] Reached target User and Group Name Lookups.
[    7.478434] systemd[1]: Listening on Journal Socket (/dev/log).
[[0;32m  OK  [0m] Listening on Journal Socket (/dev/log).
[    7.490101] systemd[1]: Starting Journal Service...
         Starting Journal Service...
[    7.501016] systemd[1]: Starting Nameserver information manager...
         Starting Nameserver information manager...
[    7.509671] systemd[1]: Listening on udev Control Socket.
[[0;32m  OK  [0m] Listening on udev Control Socket.
[    7.517960] systemd[1]: Listening on /dev/initctl Compatibility Named Pipe.
[[0;32m  OK  [0m] Listening on /dev/initctl Compatibility Named Pipe.
[    7.532140] systemd[1]: Starting Load Kernel Modules...
         Starting Load Kernel Modules...
[    7.541501] systemd[1]: Created slice User and Session Slice.
[[0;32m  OK  [0m] Created slice User and Session Slice.
[    7.553634] systemd[1]: Reached target Slices.
[[0;32m  OK  [0m] Reached target Slices.
[    7.563144] systemd[1]: Starting Uncomplicated firewall...
         [    7.568742] Loading iSCSI transport class v2.0-870.
Starting Uncomplicated firewall...
[    7.575405] systemd[1]: Created slice system-serial\x2dgetty.slice.
[[0;32m  OK  [0m] Created slice system-serial\x2dgetty.slice.
[    7.585778] systemd[1]: Mounted Huge Pages File System.
[[0;32m  OK  [0m] Mounted Huge Pages File System.
[    7.594205] iscsi: registered transport (tcp)
[    7.596785] systemd[1]: Mounted POSIX Message Queue File System.
[[0;32m  OK  [0m] Mounted POSIX Message Queue File System.
[    7.604586] systemd[1]: Mounted Debug File System.
[[0;32m  OK  [0m] Mounted Debug File System.
[    7.611578] systemd[1]: Started Journal Service.
[[0;32m  OK  [0m] Started Journal Service.
[[0;32m  OK  [0m] Started Create list of required sta...ce nodes for the current kernel.
[[0;32m  OK  [0m] Started File System Check on Root Device.
[[0;32m  OK  [0m] Started Set console keymap.
[[0;32m  OK  [0m] Started Uncomplicated firewall.
[[0;32m  OK  [0m] Started Nameserver information manager.
[[0;32m  OK  [0m] Started File System Check Daemon to report status.
[[0;32m  OK  [0m] Started LVM2 metadata daemon.
         Starting Remount Root and Kernel File Systems...
         Starting Create Static Device Nodes in /dev...
[    7.681759] EXT4-fs (sda1): re-mounted. Opts: (null)
[[0;32m  OK  [0m] Started Remount Root and Kernel File Systems.
         Starting Flush Journal to Persistent Storage...
[    7.697326] iscsi: registered transport (iser)
         Starting udev Coldplug all Devices...
         Starting Load/Save Random Seed...
[[0;32m  OK  [0m] Started Load Kernel Modules.
         Starting Apply Kernel Variables...
         Mounting FUSE Control File System...
[[0;32m  OK  [0m] Mounted FUSE Control File System.
[    7.735606] systemd-journald[393]: Received request to flush runtime journal from PID 1
[[0;32m  OK  [0m] Started Load/Save Random Seed.
[[0;32m  OK  [0m] Started Flush Journal to Persistent Storage.
[[0;32m  OK  [0m] Started Create Static Device Nodes in /dev.
[[0;32m  OK  [0m] Started Apply Kernel Variables.
         Starting udev Kernel Device Manager...
[[0;32m  OK  [0m] Started udev Kernel Device Manager.
[[0;32m  OK  [0m] Started udev Coldplug all Devices.
[[0;32m  OK  [0m] Started Dispatch Password Requests to Console Directory Watch.
[[0;32m  OK  [0m] Found device /dev/ttyS0.
[[0;32m  OK  [0m] Started Monitoring of LVM2 mirrors,...ng dmeventd or progress polling.
[[0;32m  OK  [0m] Reached target Local File Systems (Pre).
[[0;32m  OK  [0m] Reached target Local File Systems.
         Starting Tell Plymouth To Write Out Runtime Data...
         Starting LSB: AppArmor initialization...
         Starting Create Volatile Files and Directories...
         Starting Initial cloud-init job (pre-networking)...
         Starting Set console font and keymap...
[[0;32m  OK  [0m] Started Create Volatile Files and Directories.
         Starting Update UTMP about System Boot/Shutdown...
[[0;32m  OK  [0m] Listening on Load/Save RF Kill Switch Status /dev/rfkill Watch.
[[0;32m  OK  [0m] Started Tell Plymouth To Write Out Runtime Data.
[[0;32m  OK  [0m] Started Update UTMP about System Boot/Shutdown.
[[0;32m  OK  [0m] Started LSB: AppArmor initialization.
         Starting Load AppArmor profiles managed internally by snapd...
[    8.079667] cloud-init[542]: Cloud-init v. 21.1-19-gbad84ad4-0ubuntu1~16.04.2 running 'init-local' at Sun, 23 Apr 2023 18:22:37 +0000. Up 7.75 seconds.
[[0;32m  OK  [0m] Started Load AppArmor profiles managed internally by snapd.
[[0;32m  OK  [0m] Started Initial cloud-init job (pre-networking).
[[0;32m  OK  [0m] Found device 82540EM Gigabit Ethern...r (PRO/1000 MT Desktop Adapter).
[[0;32m  OK  [0m] Found device 82540EM Gigabit Ethern...r (PRO/1000 MT Desktop Adapter).
[[0;32m  OK  [0m] Reached target Network (Pre).
[[0;32m  OK  [0m] Started ifup for enp0s8.
         Starting Raise network interfaces...
[[0;32m  OK  [0m] Started ifup for enp0s3.
[[0;32m  OK  [0m] Started Set console font and keymap.
[[0;32m  OK  [0m] Created slice system-getty.slice.
[[0;32m  OK  [0m] Started Raise network interfaces.
         Starting Initial cloud-init job (metadata service crawler)...
[[0;32m  OK  [0m] Reached target Network.
[    9.659242] cloud-init[1084]: Cloud-init v. 21.1-19-gbad84ad4-0ubuntu1~16.04.2 running 'init' at Sun, 23 Apr 2023 18:22:39 +0000. Up 9.42 seconds.
[    9.663874] cloud-init[1084]: ci-info: ++++++++++++++++++++++++++++++++++++++Net device info+++++++++++++++++++++++++++++++++++++++
[    9.668178] cloud-init[1084]: ci-info: +--------+------+-----------------------------+---------------+--------+-------------------+
[    9.672633] cloud-init[1084]: ci-info: | Device |  Up  |           Address           |      Mask     | Scope  |     Hw-Address    |
[    9.677416] cloud-init[1084]: ci-info: +--------+------+-----------------------------+---------------+--------+-------------------+
[    9.682038] cloud-init[1084]: ci-info: | enp0s3 | True |          10.0.2.15          | 255.255.255.0 | global | 02:be:82:6b:cc:1d |
[    9.686618] cloud-init[1084]: ci-info: | enp0s3 | True |  fe80::be:82ff:fe6b:cc1d/64 |       .       |  link  | 02:be:82:6b:cc:1d |
[    9.691468] cloud-init[1084]: ci-info: | enp0s8 | True |          10.0.0.12          | 255.255.255.0 | global | 08:00:27:e1:3f:af |
[    9.722983] cloud-init[1084]: ci-info: | enp0s8 | True | fe80::a00:27ff:fee1:3faf/64 |       .       |  link  | 08:00:27:e1:3f:af |
[    9.727971] cloud-init[1084]: ci-info: |   lo   | True |          127.0.0.1          |   255.0.0.0   |  host  |         .         |
[    9.728906] cloud-init[1084]: ci-info: |   lo   | True |           ::1/128           |       .       |  host  |         .         |
[    9.729274] cloud-init[1084]: ci-info: +--------+------+-----------------------------+---------------+--------+-------------------+
[    9.729595] cloud-init[1084]: ci-info: +++++++++++++++++++++++++++Route IPv4 info++++++++++++++++++++++++++++
[    9.729932] cloud-init[1084]: ci-info: +-------+-------------+----------+---------------+-----------+-------+
[    9.730282] cloud-init[1084]: ci-info: | Route | Destination | Gateway  |    Genmask    | Interface | Flags |
[    9.730618] cloud-init[1084]: ci-info: +-------+-------------+----------+---------------+-----------+-------+
[    9.730961] cloud-init[1084]: ci-info: |   0   |   0.0.0.0   | 10.0.2.2 |    0.0.0.0    |   enp0s3  |   UG  |
[    9.731296] cloud-init[1084]: ci-info: |   1   |   10.0.0.0  | 0.0.0.0  | 255.255.255.0 |   enp0s8  |   U   |
[    9.731766] cloud-init[1084]: ci-info: |   2   |   10.0.2.0  | 0.0.0.0  | 255.255.255.0 |   enp0s3  |   U   |
[    9.732200] cloud-init[1084]: ci-info: +-------+-------------+----------+---------------+-----------+-------+
[    9.732538] cloud-init[1084]: ci-info: +++++++++++++++++++Route IPv6 info+++++++++++++++++++
[    9.732883] cloud-init[1084]: ci-info: +-------+-------------+---------+-----------+-------+
[    9.733267] cloud-init[1084]: ci-info: | Route | Destination | Gateway | Interface | Flags |
[    9.733587] cloud-init[1084]: ci-info: +-------+-------------+---------+-----------+-------+
[    9.733926] cloud-init[1084]: ci-info: |   0   |  fe80::/64  |    ::   |   enp0s8  |   U   |
[    9.734262] cloud-init[1084]: ci-info: |   1   |  fe80::/64  |    ::   |   enp0s3  |   U   |
[    9.734619] cloud-init[1084]: ci-info: |   4   |   ff00::/8  |    ::   |   enp0s8  |   U   |
[    9.735271] cloud-init[1084]: ci-info: |   5   |   ff00::/8  |    ::   |   enp0s3  |   U   |
[    9.735609] cloud-init[1084]: ci-info: +-------+-------------+---------+-----------+-------+
[[0;32m  OK  [0m] Started Initial cloud-init job (metadata service crawler).
[[0;32m  OK  [0m] Reached target Cloud-config availability.
[[0;32m  OK  [0m] Reached target System Initialization.
         Starting Socket activation for snappy daemon.
[[0;32m  OK  [0m] Started Ubuntu Advantage update messaging.
[[0;32m  OK  [0m] Listening on ACPID Listen Socket.
[[0;32m  OK  [0m] Started Daily apt download activities.
[[0;32m  OK  [0m] Started Daily Cleanup of Temporary Directories.
[[0;32m  OK  [0m] Listening on D-Bus System Message Bus Socket.
[[0;32m  OK  [0m] Started Daily apt upgrade and clean activities.
[[0;32m  OK  [0m] Started Message of the Day.
         Starting LXD - unix socket.
[[0;32m  OK  [0m] Listening on UUID daemon activation socket.
[[0;32m  OK  [0m] Started ACPI Events Check.
[[0;32m  OK  [0m] Reached target Paths.
[[0;32m  OK  [0m] Reached target Timers.
[[0;32m  OK  [0m] Reached target Network is Online.
         Starting iSCSI initiator daemon (iscsid)...
[[0;32m  OK  [0m] Listening on Socket activation for snappy daemon.
[[0;32m  OK  [0m] Listening on LXD - unix socket.
[[0;32m  OK  [0m] Reached target Sockets.
[[0;32m  OK  [0m] Reached target Basic System.
[[0;32m  OK  [0m] Started D-Bus System Message Bus.
         Starting LSB: MD monitoring daemon...
         Starting Virtualbox guest utils...
[[0;32m  OK  [0m] Started Regular background program processing daemon.
[[0;32m  OK  [0m] Started ACPI event daemon.
         Starting LSB: Record successful boot for GRUB...
         Starting System Logging Service...
         Starting Accounts Service...
         Starting /etc/rc.local Compatibility...
         Starting LXD - container startup/shutdown...
[[0;32m  OK  [0m] Started FUSE filesystem for LXC.
[[0;32m  OK  [0m] Started Deferred execution scheduler.
         Starting OpenBSD Secure Shell server...
         Starting Login Service...
         Starting Snap Daemon...
[[0;32m  OK  [0m] Started System Logging Service.
[[0;32m  OK  [0m] Started iSCSI initiator daemon (iscsid).
[[0;32m  OK  [0m] Started /etc/rc.local Compatibility.
         Starting Login to default iSCSI targets...
[[0;32m  OK  [0m] Started Login Service.
[[0;32m  OK  [0m] Started Unattended Upgrades Shutdown.
[[0;32m  OK  [0m] Started LSB: Record successful boot for GRUB.
[[0;32m  OK  [0m] Started OpenBSD Secure Shell server.
         Starting Authenticate and Authorize Users to Run Privileged Tasks...
[[0;32m  OK  [0m] Started Login to default iSCSI targets.
[[0;32m  OK  [0m] Reached target Remote File Systems (Pre).
         Mounting /vagrant...
[[0;32m  OK  [0m] Started LSB: MD monitoring daemon.
[[0;1;31mFAILED[0m] Failed to mount /vagrant.
See 'systemctl status vagrant.mount' for details.
[[0;1;33mDEPEND[0m] Dependency failed for Remote File Systems.
         Starting LSB: automatic crash report generation...
         Starting LSB: daemon to balance interrupts for SMP systems...
         Starting LSB: Set the CPU Frequency Scaling governor to "ondemand"...
         Starting Permit User Sessions...
[[0;32m  OK  [0m] Started LXD - container startup/shutdown.
[[0;32m  OK  [0m] Started Authenticate and Authorize Users to Run Privileged Tasks.
[[0;32m  OK  [0m] Started Permit User Sessions.
[[0;32m  OK  [0m] Started Accounts Service.
         Starting Hold until boot process finishes up...
         Starting Terminate Plymouth Boot Screen...
[[0;32m  OK  [0m] Started Hold until boot process finishes up.
[[0;32m  OK  [0m] Started Serial Getty on ttyS0.
         Starting Set console scheme...
[[0;32m  OK  [0m] Started Getty on tty1.
[[0;32m  OK  [0m] Reached target Login Prompts.
[[0;32m  OK  [0m] Started LSB: Set the CPU Frequency Scaling governor to "ondemand".
[[0;32m  OK  [0m] Started Terminate Plymouth Boot Screen.
[[0;32m  OK  [0m] Started Set console scheme.
[[0;32m  OK  [0m] Started Virtualbox guest utils.
[[0;32m  OK  [0m] Started LSB: automatic crash report generation.
[[0;32m  OK  [0m] Started LSB: daemon to balance interrupts for SMP systems.
[[0;32m  OK  [0m] Started Snap Daemon.
         Starting Wait until snapd is fully seeded...
[[0;32m  OK  [0m] Started Wait until snapd is fully seeded.
         Starting Apply the settings specified in cloud-config...
[[0;32m  OK  [0m] Reached target Multi-User System.
[[0;32m  OK  [0m] Reached target Graphical Interface.
         Starting Update UTMP about System Runlevel Changes...
[[0;32m  OK  [0m] Started Update UTMP about System Runlevel Changes.
[   10.966318] cloud-init[1334]: Cloud-init v. 21.1-19-gbad84ad4-0ubuntu1~16.04.2 running 'modules:config' at Sun, 23 Apr 2023 18:22:40 +0000. Up 10.87 seconds.
[[0;32m  OK  [0m] Started Apply the settings specified in cloud-config.
         Starting Execute cloud user/final scripts...
[[0;32m  OK  [0m] Created slice User Slice of vagrant.
         Starting User Manager for UID 1000...
[[0;32m  OK  [0m] Started Session 1 of user vagrant.
[[0;32m  OK  [0m] Started User Manager for UID 1000.
[   11.462757] cloud-init[1346]: Cloud-init v. 21.1-19-gbad84ad4-0ubuntu1~16.04.2 running 'modules:final' at Sun, 23 Apr 2023 18:22:41 +0000. Up 11.31 seconds.
[   11.468026] cloud-init[1346]: Cloud-init v. 21.1-19-gbad84ad4-0ubuntu1~16.04.2 finished at Sun, 23 Apr 2023 18:22:41 +0000. Datasource DataSourceNoCloud [seed=/dev/sdb][dsmode=net].  Up 11.45 seconds
[[0;32m  OK  [0m] Started Execute cloud user/final scripts.
[[0;32m  OK  [0m] Reached target Cloud-init target.

Ubuntu 16.04.7 LTS ubuntu-xenial ttyS0

ubuu-xenial login: 